[INFO] Scanning for projects...
[INFO] 
[INFO] --------------------< com.example:pricing-backend >---------------------
[INFO] Building pricing-backend 0.0.1-SNAPSHOT
[INFO]   from pom.xml
[INFO] --------------------------------[ jar ]---------------------------------
[INFO] 
[INFO] >>> spring-boot:3.2.0:run (default-cli) > test-compile @ pricing-backend >>>
[INFO] 
[INFO] --- resources:3.3.1:resources (default-resources) @ pricing-backend ---
[INFO] Copying 1 resource from src\main\resources to target\classes
[INFO] Copying 0 resource from src\main\resources to target\classes
[INFO] 
[INFO] --- compiler:3.11.0:compile (default-compile) @ pricing-backend ---
[INFO] Changes detected - recompiling the module! :source
[INFO] Compiling 39 source files with javac [debug release 21] to target\classes
[INFO] чБфКхЈчБЛшЗЏхОфИ­хчАфКфИфИЊцхЄфИЊхЄччЈхКяМх ц­ЄхЏчЈфК
  цЙцГЈхЄчуцЊцЅхшЁчч javac хЏшНфМчІчЈцЙцГЈхЄчяМ
  щЄщшГхАцхчЇАцхЎфКфИфИЊхЄччЈхК (-processor)яМ
  ццхЎфКцчДЂшЗЏхО (--processor-path, --processor-module-path)яМ
  ццОхМхЏчЈфКцЙцГЈхЄч (-proc:only, -proc:full)у
  хЏфНПчЈ -Xlint:-options щшц­ЄцЖцЏу
  хЏфНПчЈ -proc:none чІчЈцЙцГЈхЄчу
[INFO] /D:/фЛЃч /GraduationProject/backend-java/src/main/java/com/example/pricing/controller/DecisionController.java: D:\фЛЃч \GraduationProject\backend-java\src\main\java\com\example\pricing\controller\DecisionController.javaфНПчЈфКцЊчЛцЃцЅцфИхЎхЈчцфНу
[INFO] /D:/фЛЃч /GraduationProject/backend-java/src/main/java/com/example/pricing/controller/DecisionController.java: цхГшЏІчЛфПЁцЏ, шЏЗфНПчЈ -Xlint:unchecked щцАчМшЏу
[INFO] 
[INFO] --- resources:3.3.1:testResources (default-testResources) @ pricing-backend ---
[INFO] skip non existing resourceDirectory D:\фЛЃч \GraduationProject\backend-java\src\test\resources
[INFO] 
[INFO] --- compiler:3.11.0:testCompile (default-testCompile) @ pricing-backend ---
[INFO] Changes detected - recompiling the module! :dependency
[INFO] Compiling 1 source file with javac [debug release 21] to target\test-classes
[INFO] чБфКхЈчБЛшЗЏхОфИ­хчАфКфИфИЊцхЄфИЊхЄччЈхКяМх ц­ЄхЏчЈфК
  цЙцГЈхЄчуцЊцЅхшЁчч javac хЏшНфМчІчЈцЙцГЈхЄчяМ
  щЄщшГхАцхчЇАцхЎфКфИфИЊхЄччЈхК (-processor)яМ
  ццхЎфКцчДЂшЗЏхО (--processor-path, --processor-module-path)яМ
  ццОхМхЏчЈфКцЙцГЈхЄч (-proc:only, -proc:full)у
  хЏфНПчЈ -Xlint:-options щшц­ЄцЖцЏу
  хЏфНПчЈ -proc:none чІчЈцЙцГЈхЄчу
[INFO] 
[INFO] <<< spring-boot:3.2.0:run (default-cli) < test-compile @ pricing-backend <<<
[INFO] 
[INFO] 
[INFO] --- spring-boot:3.2.0:run (default-cli) @ pricing-backend ---
[INFO] Attaching agents: []

  .   ____          _            __ _ _
 /\\ / ___'_ __ _ _(_)_ __  __ _ \ \ \ \
( ( )\___ | '_ | '_| | '_ \/ _` | \ \ \ \
 \\/  ___)| |_)| | | | | || (_| |  ) ) ) )
  '  |____| .__|_| |_|_| |_\__, | / / / /
 =========|_|==============|___/=/_/_/_/
 :: Spring Boot ::                (v3.2.0)

2026-03-24T19:37:00.910+08:00  INFO 27956 --- [pricing-backend] [           main] c.e.pricing.PricingBackendApplication    : Starting PricingBackendApplication using Java 21.0.10 with PID 27956 (D:\фЛЃч \GraduationProject\backend-java\target\classes started by cheese in D:\фЛЃч \GraduationProject\backend-java)
2026-03-24T19:37:00.912+08:00 DEBUG 27956 --- [pricing-backend] [           main] c.e.pricing.PricingBackendApplication    : Running with Spring Boot v3.2.0, Spring v6.1.1
2026-03-24T19:37:00.912+08:00  INFO 27956 --- [pricing-backend] [           main] c.e.pricing.PricingBackendApplication    : No active profile set, falling back to 1 default profile: "default"
2026-03-24T19:37:02.016+08:00  INFO 27956 --- [pricing-backend] [           main] o.s.b.w.embedded.tomcat.TomcatWebServer  : Tomcat initialized with port 8080 (http)
2026-03-24T19:37:02.024+08:00  INFO 27956 --- [pricing-backend] [           main] o.apache.catalina.core.StandardService   : Starting service [Tomcat]
2026-03-24T19:37:02.024+08:00  INFO 27956 --- [pricing-backend] [           main] o.apache.catalina.core.StandardEngine    : Starting Servlet engine: [Apache Tomcat/10.1.16]
2026-03-24T19:37:02.094+08:00  INFO 27956 --- [pricing-backend] [           main] o.a.c.c.C.[Tomcat].[localhost].[/]       : Initializing Spring embedded WebApplicationContext
2026-03-24T19:37:02.094+08:00  INFO 27956 --- [pricing-backend] [           main] w.s.c.ServletWebServerApplicationContext : Root WebApplicationContext: initialization completed in 1122 ms
Logging initialized using 'class org.apache.ibatis.logging.stdout.StdOutImpl' adapter.
Initialization Sequence datacenterId:6 workerId:31
 _ _   |_  _ _|_. ___ _ |    _ 
| | |\/|_)(_| | |_\  |_)||_|_\ 
     /               |         
                        3.5.5 
2026-03-24T19:37:02.422+08:00  INFO 27956 --- [pricing-backend] [           main] com.zaxxer.hikari.HikariDataSource       : HikariPool-1 - Starting...
2026-03-24T19:37:02.550+08:00  INFO 27956 --- [pricing-backend] [           main] com.zaxxer.hikari.pool.HikariPool        : HikariPool-1 - Added connection com.mysql.cj.jdbc.ConnectionImpl@67328bcb
2026-03-24T19:37:02.551+08:00  INFO 27956 --- [pricing-backend] [           main] com.zaxxer.hikari.HikariDataSource       : HikariPool-1 - Start completed.
Creating a new SqlSession
SqlSession [org.apache.ibatis.session.defaults.DefaultSqlSession@2f4d32bf] was not registered for synchronization because synchronization is not active
JDBC Connection [HikariProxyConnection@786116491 wrapping com.mysql.cj.jdbc.ConnectionImpl@67328bcb] will not be managed by Spring
==>  Preparing: SELECT COUNT( * ) AS total FROM sys_user WHERE (username = ?)
==> Parameters: admin(String)
<==    Columns: total
<==        Row: 1
<==      Total: 1
Closing non transactional SqlSession [org.apache.ibatis.session.defaults.DefaultSqlSession@2f4d32bf]
2026-03-24T19:37:03.261+08:00  INFO 27956 --- [pricing-backend] [           main] o.s.b.w.embedded.tomcat.TomcatWebServer  : Tomcat started on port 8080 (http) with context path ''
2026-03-24T19:37:03.268+08:00  INFO 27956 --- [pricing-backend] [           main] c.e.pricing.PricingBackendApplication    : Started PricingBackendApplication in 2.712 seconds (process running for 3.101)
2026-03-24T19:37:14.275+08:00  INFO 27956 --- [pricing-backend] [nio-8080-exec-1] o.a.c.c.C.[Tomcat].[localhost].[/]       : Initializing Spring DispatcherServlet 'dispatcherServlet'
2026-03-24T19:37:14.276+08:00  INFO 27956 --- [pricing-backend] [nio-8080-exec-1] o.s.web.servlet.DispatcherServlet        : Initializing Servlet 'dispatcherServlet'
2026-03-24T19:37:14.277+08:00  INFO 27956 --- [pricing-backend] [nio-8080-exec-1] o.s.web.servlet.DispatcherServlet        : Completed initialization in 1 ms
Creating a new SqlSession
SqlSession [org.apache.ibatis.session.defaults.DefaultSqlSession@b36e8a1] was not registered for synchronization because synchronization is not active
JDBC Connection [HikariProxyConnection@2106088125 wrapping com.mysql.cj.jdbc.ConnectionImpl@67328bcb] will not be managed by Spring
==>  Preparing: SELECT COUNT(*) AS total FROM biz_product
==> Parameters: 
<==    Columns: total
<==        Row: 7
<==      Total: 1
==>  Preparing: SELECT id,title,category,cost_price,market_price,current_price,stock,monthly_sales,click_rate,conversion_rate,source,created_at,updated_at FROM biz_product ORDER BY updated_at DESC LIMIT ?
==> Parameters: 10(Long)
<==    Columns: id, title, category, cost_price, market_price, current_price, stock, monthly_sales, click_rate, conversion_rate, source, created_at, updated_at
<==        Row: 20, ЦьНЂНЕдыРЖбРЖњЛњ, Ъ§ТыХфМў, 149.00, 299.00, 214.37, 260, 312, 0.086, 0.041, SEED_REALISTIC, 2026-03-19 10:26:17, 2026-03-19 15:36:18
<==        Row: 21, 316ВЛатИжБЃЮТБ­ 750ml, МвОггУЦЗ, 28.00, 89.00, 59.00, 480, 620, 0.071, 0.055, SEED_REALISTIC, 2026-03-19 10:26:17, 2026-03-19 15:36:18
<==        Row: 22, UPF50+ ЧсСПЗРЩЙвТ, ЛЇЭтЗўЪЮ, 68.00, 169.00, 139.00, 380, 228, 0.093, 0.036, SEED_REALISTIC, 2026-03-19 10:26:17, 2026-03-19 15:36:18
<==        Row: 5, ЦћГЕ, ЭцОп, 30.00, 99.00, 41.35, 1000, 500, 0.055, 0.012, IMPORT, null, 2026-03-18 21:17:44
<==        Row: 6, ЛњЦїШЫ, ЭцОп, 50.00, 100.00, 71.10, 500, 100, 0.11, 0.11, IMPORT, null, 2026-03-18 21:15:18
<==        Row: 4, T ає, ФазА, 30.00, 99.00, 45.00, 1000, 500, 0.055, 0.012, IMPORT, null, 2026-03-17 21:11:59
<==        Row: 7, ЪОР§ЩЬЦЗ - ЯФМО T ає, ФазА, 30.00, 99.00, 59.00, 1000, 500, 0.055, 0.012, IMPORT, null, null
<==      Total: 7
Closing non transactional SqlSession [org.apache.ibatis.session.defaults.DefaultSqlSession@b36e8a1]
2026-03-24T19:37:14.420+08:00  INFO 27956 --- [pricing-backend] [nio-8080-exec-1] c.e.pricing.aspect.OperationLogAspect    : Operation Log - Method: ProductController.getProductList, Result: Success
Creating a new SqlSession
SqlSession [org.apache.ibatis.session.defaults.DefaultSqlSession@2d91a945] was not registered for synchronization because synchronization is not active
JDBC Connection [HikariProxyConnection@1108352565 wrapping com.mysql.cj.jdbc.ConnectionImpl@67328bcb] will not be managed by Spring
==>  Preparing: SELECT COUNT(*) AS total FROM biz_product
==> Parameters: 
<==    Columns: total
<==        Row: 7
<==      Total: 1
==>  Preparing: SELECT id,title,category,cost_price,market_price,current_price,stock,monthly_sales,click_rate,conversion_rate,source,created_at,updated_at FROM biz_product ORDER BY updated_at DESC LIMIT ?
==> Parameters: 20(Long)
<==    Columns: id, title, category, cost_price, market_price, current_price, stock, monthly_sales, click_rate, conversion_rate, source, created_at, updated_at
<==        Row: 20, ЦьНЂНЕдыРЖбРЖњЛњ, Ъ§ТыХфМў, 149.00, 299.00, 214.37, 260, 312, 0.086, 0.041, SEED_REALISTIC, 2026-03-19 10:26:17, 2026-03-19 15:36:18
<==        Row: 21, 316ВЛатИжБЃЮТБ­ 750ml, МвОггУЦЗ, 28.00, 89.00, 59.00, 480, 620, 0.071, 0.055, SEED_REALISTIC, 2026-03-19 10:26:17, 2026-03-19 15:36:18
<==        Row: 22, UPF50+ ЧсСПЗРЩЙвТ, ЛЇЭтЗўЪЮ, 68.00, 169.00, 139.00, 380, 228, 0.093, 0.036, SEED_REALISTIC, 2026-03-19 10:26:17, 2026-03-19 15:36:18
<==        Row: 5, ЦћГЕ, ЭцОп, 30.00, 99.00, 41.35, 1000, 500, 0.055, 0.012, IMPORT, null, 2026-03-18 21:17:44
<==        Row: 6, ЛњЦїШЫ, ЭцОп, 50.00, 100.00, 71.10, 500, 100, 0.11, 0.11, IMPORT, null, 2026-03-18 21:15:18
<==        Row: 4, T ає, ФазА, 30.00, 99.00, 45.00, 1000, 500, 0.055, 0.012, IMPORT, null, 2026-03-17 21:11:59
<==        Row: 7, ЪОР§ЩЬЦЗ - ЯФМО T ає, ФазА, 30.00, 99.00, 59.00, 1000, 500, 0.055, 0.012, IMPORT, null, null
<==      Total: 7
Closing non transactional SqlSession [org.apache.ibatis.session.defaults.DefaultSqlSession@2d91a945]
2026-03-24T19:37:15.782+08:00  INFO 27956 --- [pricing-backend] [nio-8080-exec-2] c.e.pricing.aspect.OperationLogAspect    : Operation Log - Method: ProductController.getProductList, Result: Success
Creating a new SqlSession
SqlSession [org.apache.ibatis.session.defaults.DefaultSqlSession@75ae6eac] was not registered for synchronization because synchronization is not active
JDBC Connection [HikariProxyConnection@2135100252 wrapping com.mysql.cj.jdbc.ConnectionImpl@67328bcb] will not be managed by Spring
==>  Preparing: SELECT COUNT(*) AS total FROM dec_task
==> Parameters: 
<==    Columns: total
<==        Row: 89
<==      Total: 1
==>  Preparing: SELECT id,task_no,strategy_type,constraints,product_names,status,created_at,updated_at FROM dec_task ORDER BY created_at DESC LIMIT ?
==> Parameters: 10(Long)
<==    Columns: id, task_no, strategy_type, constraints, product_names, status, created_at, updated_at
<==        Row: 1000112, 84c71977-fc15-43fc-acd7-574d5c37a82d, CLEARANCE, <<BLOB>>, <<BLOB>>, COMPLETED, 2026-03-24 18:44:44, 2026-03-24 10:44:53
<==        Row: 1000111, dadf3a3a-f594-4c92-8cfb-60c8da4edcae, CLEARANCE, <<BLOB>>, <<BLOB>>, COMPLETED, 2026-03-24 18:43:16, 2026-03-24 10:43:25
<==        Row: 1000110, 0911cd7d-7878-4e18-bb7c-c31f32a7dd7a, CLEARANCE, <<BLOB>>, <<BLOB>>, COMPLETED, 2026-03-24 18:35:12, 2026-03-24 10:35:20
<==        Row: 1000109, a9a98229-30fc-4796-b6dc-29fe8bf11281, CLEARANCE, <<BLOB>>, <<BLOB>>, COMPLETED, 2026-03-22 17:51:34, 2026-03-22 09:51:43
<==        Row: 1000108, 6fd7c21f-acc2-4fde-a2da-e185e49c9dd0, MAX_PROFIT, <<BLOB>>, <<BLOB>>, COMPLETED, 2026-03-22 17:49:23, 2026-03-22 09:49:32
<==        Row: 1000107, 9aaa64cd-6e15-4c3e-a293-a2ebf7c20b85, CLEARANCE, <<BLOB>>, <<BLOB>>, COMPLETED, 2026-03-22 17:41:13, 2026-03-22 09:41:21
<==        Row: 1000106, d1598851-f454-4600-81cb-54b8b2c199d4, CLEARANCE, <<BLOB>>, <<BLOB>>, COMPLETED, 2026-03-22 17:40:20, 2026-03-22 09:40:28
<==        Row: 1000105, 64d7a5a1-caa8-409e-9e93-f43763883b95, CLEARANCE, <<BLOB>>, <<BLOB>>, COMPLETED, 2026-03-22 17:38:43, 2026-03-22 09:38:51
<==        Row: 1000104, 5327b867-35dd-4a84-b868-4a051ac35cad, MAX_PROFIT, <<BLOB>>, <<BLOB>>, COMPLETED, 2026-03-22 17:37:57, 2026-03-22 09:38:05
<==        Row: 1000103, 0242c6e2-a68a-406e-b558-ebd67378c883, MAX_PROFIT, <<BLOB>>, <<BLOB>>, COMPLETED, 2026-03-22 17:35:47, 2026-03-22 09:35:56
<==      Total: 10
Closing non transactional SqlSession [org.apache.ibatis.session.defaults.DefaultSqlSession@75ae6eac]
2026-03-24T19:37:16.457+08:00  INFO 27956 --- [pricing-backend] [nio-8080-exec-4] c.e.pricing.aspect.OperationLogAspect    : Operation Log - Method: DecisionController.getTasks, Result: Success
Creating a new SqlSession
SqlSession [org.apache.ibatis.session.defaults.DefaultSqlSession@638d915c] was not registered for synchronization because synchronization is not active
JDBC Connection [HikariProxyConnection@1833591645 wrapping com.mysql.cj.jdbc.ConnectionImpl@67328bcb] will not be managed by Spring
==>  Preparing: SELECT COUNT( * ) AS total FROM dec_task
==> Parameters: 
<==    Columns: total
<==        Row: 89
<==      Total: 1
Closing non transactional SqlSession [org.apache.ibatis.session.defaults.DefaultSqlSession@638d915c]
Creating a new SqlSession
SqlSession [org.apache.ibatis.session.defaults.DefaultSqlSession@237f0ac5] was not registered for synchronization because synchronization is not active
JDBC Connection [HikariProxyConnection@496092540 wrapping com.mysql.cj.jdbc.ConnectionImpl@67328bcb] will not be managed by Spring
==>  Preparing: SELECT COUNT( * ) AS total FROM dec_task WHERE (status = ?)
==> Parameters: COMPLETED(String)
<==    Columns: total
<==        Row: 73
<==      Total: 1
Closing non transactional SqlSession [org.apache.ibatis.session.defaults.DefaultSqlSession@237f0ac5]
Creating a new SqlSession
SqlSession [org.apache.ibatis.session.defaults.DefaultSqlSession@172a9445] was not registered for synchronization because synchronization is not active
JDBC Connection [HikariProxyConnection@67308025 wrapping com.mysql.cj.jdbc.ConnectionImpl@67328bcb] will not be managed by Spring
==>  Preparing: SELECT COUNT( * ) AS total FROM dec_task WHERE (status = ?)
==> Parameters: RUNNING(String)
<==    Columns: total
<==        Row: 2
<==      Total: 1
Closing non transactional SqlSession [org.apache.ibatis.session.defaults.DefaultSqlSession@172a9445]
2026-03-24T19:37:16.510+08:00  INFO 27956 --- [pricing-backend] [nio-8080-exec-3] c.e.pricing.aspect.OperationLogAspect    : Operation Log - Method: DecisionController.getTaskStats, Result: Success
Creating a new SqlSession
SqlSession [org.apache.ibatis.session.defaults.DefaultSqlSession@25ca2b3] was not registered for synchronization because synchronization is not active
JDBC Connection [HikariProxyConnection@705182862 wrapping com.mysql.cj.jdbc.ConnectionImpl@67328bcb] will not be managed by Spring
==>  Preparing: SELECT COUNT(*) AS total FROM dec_task
==> Parameters: 
<==    Columns: total
<==        Row: 89
<==      Total: 1
==>  Preparing: SELECT id,task_no,strategy_type,constraints,product_names,status,created_at,updated_at FROM dec_task ORDER BY created_at DESC LIMIT ?
==> Parameters: 10(Long)
<==    Columns: id, task_no, strategy_type, constraints, product_names, status, created_at, updated_at
<==        Row: 1000112, 84c71977-fc15-43fc-acd7-574d5c37a82d, CLEARANCE, <<BLOB>>, <<BLOB>>, COMPLETED, 2026-03-24 18:44:44, 2026-03-24 10:44:53
<==        Row: 1000111, dadf3a3a-f594-4c92-8cfb-60c8da4edcae, CLEARANCE, <<BLOB>>, <<BLOB>>, COMPLETED, 2026-03-24 18:43:16, 2026-03-24 10:43:25
<==        Row: 1000110, 0911cd7d-7878-4e18-bb7c-c31f32a7dd7a, CLEARANCE, <<BLOB>>, <<BLOB>>, COMPLETED, 2026-03-24 18:35:12, 2026-03-24 10:35:20
<==        Row: 1000109, a9a98229-30fc-4796-b6dc-29fe8bf11281, CLEARANCE, <<BLOB>>, <<BLOB>>, COMPLETED, 2026-03-22 17:51:34, 2026-03-22 09:51:43
<==        Row: 1000108, 6fd7c21f-acc2-4fde-a2da-e185e49c9dd0, MAX_PROFIT, <<BLOB>>, <<BLOB>>, COMPLETED, 2026-03-22 17:49:23, 2026-03-22 09:49:32
<==        Row: 1000107, 9aaa64cd-6e15-4c3e-a293-a2ebf7c20b85, CLEARANCE, <<BLOB>>, <<BLOB>>, COMPLETED, 2026-03-22 17:41:13, 2026-03-22 09:41:21
<==        Row: 1000106, d1598851-f454-4600-81cb-54b8b2c199d4, CLEARANCE, <<BLOB>>, <<BLOB>>, COMPLETED, 2026-03-22 17:40:20, 2026-03-22 09:40:28
<==        Row: 1000105, 64d7a5a1-caa8-409e-9e93-f43763883b95, CLEARANCE, <<BLOB>>, <<BLOB>>, COMPLETED, 2026-03-22 17:38:43, 2026-03-22 09:38:51
<==        Row: 1000104, 5327b867-35dd-4a84-b868-4a051ac35cad, MAX_PROFIT, <<BLOB>>, <<BLOB>>, COMPLETED, 2026-03-22 17:37:57, 2026-03-22 09:38:05
<==        Row: 1000103, 0242c6e2-a68a-406e-b558-ebd67378c883, MAX_PROFIT, <<BLOB>>, <<BLOB>>, COMPLETED, 2026-03-22 17:35:47, 2026-03-22 09:35:56
<==      Total: 10
Closing non transactional SqlSession [org.apache.ibatis.session.defaults.DefaultSqlSession@25ca2b3]
2026-03-24T19:37:17.570+08:00  INFO 27956 --- [pricing-backend] [nio-8080-exec-5] c.e.pricing.aspect.OperationLogAspect    : Operation Log - Method: DecisionController.getTasks, Result: Success
Creating a new SqlSession
SqlSession [org.apache.ibatis.session.defaults.DefaultSqlSession@3a5818e4] was not registered for synchronization because synchronization is not active
JDBC Connection [HikariProxyConnection@882893279 wrapping com.mysql.cj.jdbc.ConnectionImpl@67328bcb] will not be managed by Spring
==>  Preparing: SELECT COUNT( * ) AS total FROM dec_task
==> Parameters: 
<==    Columns: total
<==        Row: 89
<==      Total: 1
Closing non transactional SqlSession [org.apache.ibatis.session.defaults.DefaultSqlSession@3a5818e4]
Creating a new SqlSession
SqlSession [org.apache.ibatis.session.defaults.DefaultSqlSession@75a2ebe4] was not registered for synchronization because synchronization is not active
JDBC Connection [HikariProxyConnection@264721036 wrapping com.mysql.cj.jdbc.ConnectionImpl@67328bcb] will not be managed by Spring
==>  Preparing: SELECT COUNT( * ) AS total FROM dec_task WHERE (status = ?)
==> Parameters: COMPLETED(String)
<==    Columns: total
<==        Row: 73
<==      Total: 1
Closing non transactional SqlSession [org.apache.ibatis.session.defaults.DefaultSqlSession@75a2ebe4]
Creating a new SqlSession
SqlSession [org.apache.ibatis.session.defaults.DefaultSqlSession@77923c76] was not registered for synchronization because synchronization is not active
JDBC Connection [HikariProxyConnection@361567403 wrapping com.mysql.cj.jdbc.ConnectionImpl@67328bcb] will not be managed by Spring
==>  Preparing: SELECT COUNT( * ) AS total FROM dec_task WHERE (status = ?)
==> Parameters: RUNNING(String)
<==    Columns: total
<==        Row: 2
<==      Total: 1
Closing non transactional SqlSession [org.apache.ibatis.session.defaults.DefaultSqlSession@77923c76]
2026-03-24T19:37:17.914+08:00  INFO 27956 --- [pricing-backend] [nio-8080-exec-7] c.e.pricing.aspect.OperationLogAspect    : Operation Log - Method: DecisionController.getTaskStats, Result: Success
Creating a new SqlSession
SqlSession [org.apache.ibatis.session.defaults.DefaultSqlSession@540d4dd5] was not registered for synchronization because synchronization is not active
JDBC Connection [HikariProxyConnection@631907921 wrapping com.mysql.cj.jdbc.ConnectionImpl@67328bcb] will not be managed by Spring
==>  Preparing: SELECT COUNT(*) AS total FROM biz_product
==> Parameters: 
<==    Columns: total
<==        Row: 7
<==      Total: 1
==>  Preparing: SELECT id,title,category,cost_price,market_price,current_price,stock,monthly_sales,click_rate,conversion_rate,source,created_at,updated_at FROM biz_product ORDER BY updated_at DESC LIMIT ?
==> Parameters: 20(Long)
<==    Columns: id, title, category, cost_price, market_price, current_price, stock, monthly_sales, click_rate, conversion_rate, source, created_at, updated_at
<==        Row: 20, ЦьНЂНЕдыРЖбРЖњЛњ, Ъ§ТыХфМў, 149.00, 299.00, 214.37, 260, 312, 0.086, 0.041, SEED_REALISTIC, 2026-03-19 10:26:17, 2026-03-19 15:36:18
<==        Row: 21, 316ВЛатИжБЃЮТБ­ 750ml, МвОггУЦЗ, 28.00, 89.00, 59.00, 480, 620, 0.071, 0.055, SEED_REALISTIC, 2026-03-19 10:26:17, 2026-03-19 15:36:18
<==        Row: 22, UPF50+ ЧсСПЗРЩЙвТ, ЛЇЭтЗўЪЮ, 68.00, 169.00, 139.00, 380, 228, 0.093, 0.036, SEED_REALISTIC, 2026-03-19 10:26:17, 2026-03-19 15:36:18
<==        Row: 5, ЦћГЕ, ЭцОп, 30.00, 99.00, 41.35, 1000, 500, 0.055, 0.012, IMPORT, null, 2026-03-18 21:17:44
<==        Row: 6, ЛњЦїШЫ, ЭцОп, 50.00, 100.00, 71.10, 500, 100, 0.11, 0.11, IMPORT, null, 2026-03-18 21:15:18
<==        Row: 4, T ає, ФазА, 30.00, 99.00, 45.00, 1000, 500, 0.055, 0.012, IMPORT, null, 2026-03-17 21:11:59
<==        Row: 7, ЪОР§ЩЬЦЗ - ЯФМО T ає, ФазА, 30.00, 99.00, 59.00, 1000, 500, 0.055, 0.012, IMPORT, null, null
<==      Total: 7
Closing non transactional SqlSession [org.apache.ibatis.session.defaults.DefaultSqlSession@540d4dd5]
2026-03-24T19:37:18.190+08:00  INFO 27956 --- [pricing-backend] [nio-8080-exec-6] c.e.pricing.aspect.OperationLogAspect    : Operation Log - Method: ProductController.getProductList, Result: Success
Creating a new SqlSession
SqlSession [org.apache.ibatis.session.defaults.DefaultSqlSession@574c3bd] was not registered for synchronization because synchronization is not active
JDBC Connection [HikariProxyConnection@1774480543 wrapping com.mysql.cj.jdbc.ConnectionImpl@67328bcb] will not be managed by Spring
==>  Preparing: SELECT COUNT(*) AS total FROM biz_product
==> Parameters: 
<==    Columns: total
<==        Row: 7
<==      Total: 1
==>  Preparing: SELECT id,title,category,cost_price,market_price,current_price,stock,monthly_sales,click_rate,conversion_rate,source,created_at,updated_at FROM biz_product ORDER BY updated_at DESC LIMIT ?
==> Parameters: 10(Long)
<==    Columns: id, title, category, cost_price, market_price, current_price, stock, monthly_sales, click_rate, conversion_rate, source, created_at, updated_at
<==        Row: 20, ЦьНЂНЕдыРЖбРЖњЛњ, Ъ§ТыХфМў, 149.00, 299.00, 214.37, 260, 312, 0.086, 0.041, SEED_REALISTIC, 2026-03-19 10:26:17, 2026-03-19 15:36:18
<==        Row: 21, 316ВЛатИжБЃЮТБ­ 750ml, МвОггУЦЗ, 28.00, 89.00, 59.00, 480, 620, 0.071, 0.055, SEED_REALISTIC, 2026-03-19 10:26:17, 2026-03-19 15:36:18
<==        Row: 22, UPF50+ ЧсСПЗРЩЙвТ, ЛЇЭтЗўЪЮ, 68.00, 169.00, 139.00, 380, 228, 0.093, 0.036, SEED_REALISTIC, 2026-03-19 10:26:17, 2026-03-19 15:36:18
<==        Row: 5, ЦћГЕ, ЭцОп, 30.00, 99.00, 41.35, 1000, 500, 0.055, 0.012, IMPORT, null, 2026-03-18 21:17:44
<==        Row: 6, ЛњЦїШЫ, ЭцОп, 50.00, 100.00, 71.10, 500, 100, 0.11, 0.11, IMPORT, null, 2026-03-18 21:15:18
<==        Row: 4, T ає, ФазА, 30.00, 99.00, 45.00, 1000, 500, 0.055, 0.012, IMPORT, null, 2026-03-17 21:11:59
<==        Row: 7, ЪОР§ЩЬЦЗ - ЯФМО T ає, ФазА, 30.00, 99.00, 59.00, 1000, 500, 0.055, 0.012, IMPORT, null, null
<==      Total: 7
Closing non transactional SqlSession [org.apache.ibatis.session.defaults.DefaultSqlSession@574c3bd]
2026-03-24T19:37:18.645+08:00  INFO 27956 --- [pricing-backend] [nio-8080-exec-9] c.e.pricing.aspect.OperationLogAspect    : Operation Log - Method: ProductController.getProductList, Result: Success
Creating a new SqlSession
SqlSession [org.apache.ibatis.session.defaults.DefaultSqlSession@441a78f5] was not registered for synchronization because synchronization is not active
JDBC Connection [HikariProxyConnection@472553572 wrapping com.mysql.cj.jdbc.ConnectionImpl@67328bcb] will not be managed by Spring
==>  Preparing: SELECT COUNT(*) AS total FROM biz_product
==> Parameters: 
<==    Columns: total
<==        Row: 7
<==      Total: 1
==>  Preparing: SELECT id,title,category,cost_price,market_price,current_price,stock,monthly_sales,click_rate,conversion_rate,source,created_at,updated_at FROM biz_product ORDER BY updated_at DESC LIMIT ?
==> Parameters: 20(Long)
<==    Columns: id, title, category, cost_price, market_price, current_price, stock, monthly_sales, click_rate, conversion_rate, source, created_at, updated_at
<==        Row: 20, ЦьНЂНЕдыРЖбРЖњЛњ, Ъ§ТыХфМў, 149.00, 299.00, 214.37, 260, 312, 0.086, 0.041, SEED_REALISTIC, 2026-03-19 10:26:17, 2026-03-19 15:36:18
<==        Row: 21, 316ВЛатИжБЃЮТБ­ 750ml, МвОггУЦЗ, 28.00, 89.00, 59.00, 480, 620, 0.071, 0.055, SEED_REALISTIC, 2026-03-19 10:26:17, 2026-03-19 15:36:18
<==        Row: 22, UPF50+ ЧсСПЗРЩЙвТ, ЛЇЭтЗўЪЮ, 68.00, 169.00, 139.00, 380, 228, 0.093, 0.036, SEED_REALISTIC, 2026-03-19 10:26:17, 2026-03-19 15:36:18
<==        Row: 5, ЦћГЕ, ЭцОп, 30.00, 99.00, 41.35, 1000, 500, 0.055, 0.012, IMPORT, null, 2026-03-18 21:17:44
<==        Row: 6, ЛњЦїШЫ, ЭцОп, 50.00, 100.00, 71.10, 500, 100, 0.11, 0.11, IMPORT, null, 2026-03-18 21:15:18
<==        Row: 4, T ає, ФазА, 30.00, 99.00, 45.00, 1000, 500, 0.055, 0.012, IMPORT, null, 2026-03-17 21:11:59
<==        Row: 7, ЪОР§ЩЬЦЗ - ЯФМО T ає, ФазА, 30.00, 99.00, 59.00, 1000, 500, 0.055, 0.012, IMPORT, null, null
<==      Total: 7
Closing non transactional SqlSession [org.apache.ibatis.session.defaults.DefaultSqlSession@441a78f5]
2026-03-24T19:37:19.402+08:00  INFO 27956 --- [pricing-backend] [nio-8080-exec-8] c.e.pricing.aspect.OperationLogAspect    : Operation Log - Method: ProductController.getProductList, Result: Success
Creating a new SqlSession
SqlSession [org.apache.ibatis.session.defaults.DefaultSqlSession@5b9ab026] was not registered for synchronization because synchronization is not active
JDBC Connection [HikariProxyConnection@443926068 wrapping com.mysql.cj.jdbc.ConnectionImpl@67328bcb] will not be managed by Spring
==>  Preparing: SELECT COUNT(*) AS total FROM biz_product
==> Parameters: 
<==    Columns: total
<==        Row: 7
<==      Total: 1
==>  Preparing: SELECT id,title,category,cost_price,market_price,current_price,stock,monthly_sales,click_rate,conversion_rate,source,created_at,updated_at FROM biz_product ORDER BY updated_at DESC LIMIT ?
==> Parameters: 20(Long)
<==    Columns: id, title, category, cost_price, market_price, current_price, stock, monthly_sales, click_rate, conversion_rate, source, created_at, updated_at
<==        Row: 20, ЦьНЂНЕдыРЖбРЖњЛњ, Ъ§ТыХфМў, 149.00, 299.00, 214.37, 260, 312, 0.086, 0.041, SEED_REALISTIC, 2026-03-19 10:26:17, 2026-03-19 15:36:18
<==        Row: 21, 316ВЛатИжБЃЮТБ­ 750ml, МвОггУЦЗ, 28.00, 89.00, 59.00, 480, 620, 0.071, 0.055, SEED_REALISTIC, 2026-03-19 10:26:17, 2026-03-19 15:36:18
<==        Row: 22, UPF50+ ЧсСПЗРЩЙвТ, ЛЇЭтЗўЪЮ, 68.00, 169.00, 139.00, 380, 228, 0.093, 0.036, SEED_REALISTIC, 2026-03-19 10:26:17, 2026-03-19 15:36:18
<==        Row: 5, ЦћГЕ, ЭцОп, 30.00, 99.00, 41.35, 1000, 500, 0.055, 0.012, IMPORT, null, 2026-03-18 21:17:44
<==        Row: 6, ЛњЦїШЫ, ЭцОп, 50.00, 100.00, 71.10, 500, 100, 0.11, 0.11, IMPORT, null, 2026-03-18 21:15:18
<==        Row: 4, T ає, ФазА, 30.00, 99.00, 45.00, 1000, 500, 0.055, 0.012, IMPORT, null, 2026-03-17 21:11:59
<==        Row: 7, ЪОР§ЩЬЦЗ - ЯФМО T ає, ФазА, 30.00, 99.00, 59.00, 1000, 500, 0.055, 0.012, IMPORT, null, null
<==      Total: 7
Closing non transactional SqlSession [org.apache.ibatis.session.defaults.DefaultSqlSession@5b9ab026]
2026-03-24T19:37:20.238+08:00  INFO 27956 --- [pricing-backend] [io-8080-exec-10] c.e.pricing.aspect.OperationLogAspect    : Operation Log - Method: ProductController.getProductList, Result: Success
Creating a new SqlSession
SqlSession [org.apache.ibatis.session.defaults.DefaultSqlSession@5c63dc8] was not registered for synchronization because synchronization is not active
JDBC Connection [HikariProxyConnection@1945608927 wrapping com.mysql.cj.jdbc.ConnectionImpl@67328bcb] will not be managed by Spring
==>  Preparing: SELECT COUNT(*) AS total FROM biz_product
==> Parameters: 
<==    Columns: total
<==        Row: 7
<==      Total: 1
==>  Preparing: SELECT id,title,category,cost_price,market_price,current_price,stock,monthly_sales,click_rate,conversion_rate,source,created_at,updated_at FROM biz_product ORDER BY updated_at DESC LIMIT ?
==> Parameters: 20(Long)
<==    Columns: id, title, category, cost_price, market_price, current_price, stock, monthly_sales, click_rate, conversion_rate, source, created_at, updated_at
<==        Row: 20, ЦьНЂНЕдыРЖбРЖњЛњ, Ъ§ТыХфМў, 149.00, 299.00, 214.37, 260, 312, 0.086, 0.041, SEED_REALISTIC, 2026-03-19 10:26:17, 2026-03-19 15:36:18
<==        Row: 21, 316ВЛатИжБЃЮТБ­ 750ml, МвОггУЦЗ, 28.00, 89.00, 59.00, 480, 620, 0.071, 0.055, SEED_REALISTIC, 2026-03-19 10:26:17, 2026-03-19 15:36:18
<==        Row: 22, UPF50+ ЧсСПЗРЩЙвТ, ЛЇЭтЗўЪЮ, 68.00, 169.00, 139.00, 380, 228, 0.093, 0.036, SEED_REALISTIC, 2026-03-19 10:26:17, 2026-03-19 15:36:18
<==        Row: 5, ЦћГЕ, ЭцОп, 30.00, 99.00, 41.35, 1000, 500, 0.055, 0.012, IMPORT, null, 2026-03-18 21:17:44
<==        Row: 6, ЛњЦїШЫ, ЭцОп, 50.00, 100.00, 71.10, 500, 100, 0.11, 0.11, IMPORT, null, 2026-03-18 21:15:18
<==        Row: 4, T ає, ФазА, 30.00, 99.00, 45.00, 1000, 500, 0.055, 0.012, IMPORT, null, 2026-03-17 21:11:59
<==        Row: 7, ЪОР§ЩЬЦЗ - ЯФМО T ає, ФазА, 30.00, 99.00, 59.00, 1000, 500, 0.055, 0.012, IMPORT, null, null
<==      Total: 7
Closing non transactional SqlSession [org.apache.ibatis.session.defaults.DefaultSqlSession@5c63dc8]
2026-03-24T19:37:23.473+08:00  INFO 27956 --- [pricing-backend] [nio-8080-exec-1] c.e.pricing.aspect.OperationLogAspect    : Operation Log - Method: ProductController.getProductList, Result: Success
Creating a new SqlSession
SqlSession [org.apache.ibatis.session.defaults.DefaultSqlSession@651df6c6] was not registered for synchronization because synchronization is not active
JDBC Connection [HikariProxyConnection@1989478804 wrapping com.mysql.cj.jdbc.ConnectionImpl@67328bcb] will not be managed by Spring
==>  Preparing: SELECT id,title,category,cost_price,market_price,current_price,stock,monthly_sales,click_rate,conversion_rate,source,created_at,updated_at FROM biz_product WHERE id IN ( ? )
==> Parameters: 4(Long)
<==    Columns: id, title, category, cost_price, market_price, current_price, stock, monthly_sales, click_rate, conversion_rate, source, created_at, updated_at
<==        Row: 4, T ає, ФазА, 30.00, 99.00, 45.00, 1000, 500, 0.055, 0.012, IMPORT, null, 2026-03-17 21:11:59
<==      Total: 1
Closing non transactional SqlSession [org.apache.ibatis.session.defaults.DefaultSqlSession@651df6c6]
Creating a new SqlSession
SqlSession [org.apache.ibatis.session.defaults.DefaultSqlSession@4798971f] was not registered for synchronization because synchronization is not active
JDBC Connection [HikariProxyConnection@895841077 wrapping com.mysql.cj.jdbc.ConnectionImpl@67328bcb] will not be managed by Spring
==>  Preparing: INSERT INTO dec_task ( task_no, strategy_type, constraints, product_names, status, created_at, updated_at ) VALUES ( ?, ?, ?, ?, ?, ?, ? )
==> Parameters: a75be85a-da86-404b-adab-8aaf0bd71bef(String), CLEARANCE(String), (String), T ає(String), RUNNING(String), 2026-03-24T19:37:25.969016500(LocalDateTime), 2026-03-24T19:37:25.971012700(LocalDateTime)
<==    Updates: 1
Closing non transactional SqlSession [org.apache.ibatis.session.defaults.DefaultSqlSession@4798971f]
2026-03-24T19:37:26.035+08:00  INFO 27956 --- [pricing-backend] [nio-8080-exec-2] c.e.pricing.aspect.OperationLogAspect    : Operation Log - Method: DecisionController.startDecisionTask, Result: Success
Creating a new SqlSession
SqlSession [org.apache.ibatis.session.defaults.DefaultSqlSession@36313efa] was not registered for synchronization because synchronization is not active
JDBC Connection [HikariProxyConnection@1201598890 wrapping com.mysql.cj.jdbc.ConnectionImpl@67328bcb] will not be managed by Spring
==>  Preparing: SELECT id,task_id,role_name,speak_order,thought_content,created_at FROM dec_agent_log WHERE (task_id = ?) ORDER BY speak_order ASC,id ASC
==> Parameters: 1000113(Long)
<==      Total: 0
Closing non transactional SqlSession [org.apache.ibatis.session.defaults.DefaultSqlSession@36313efa]
2026-03-24T19:37:26.365+08:00  INFO 27956 --- [pricing-backend] [nio-8080-exec-4] c.e.pricing.aspect.OperationLogAspect    : Operation Log - Method: DecisionController.getTaskLogs, Result: Success
Creating a new SqlSession
SqlSession [org.apache.ibatis.session.defaults.DefaultSqlSession@4dbb01fb] was not registered for synchronization because synchronization is not active
JDBC Connection [HikariProxyConnection@768496343 wrapping com.mysql.cj.jdbc.ConnectionImpl@67328bcb] will not be managed by Spring
==>  Preparing: SELECT id,task_id,role_name,speak_order,thought_content,created_at FROM dec_agent_log WHERE (task_id = ?) ORDER BY speak_order ASC,id ASC
==> Parameters: 1000113(Long)
<==      Total: 0
Closing non transactional SqlSession [org.apache.ibatis.session.defaults.DefaultSqlSession@4dbb01fb]
2026-03-24T19:37:26.852+08:00  INFO 27956 --- [pricing-backend] [nio-8080-exec-3] c.e.pricing.aspect.OperationLogAspect    : Operation Log - Method: DecisionController.getTaskLogs, Result: Success
Creating a new SqlSession
SqlSession [org.apache.ibatis.session.defaults.DefaultSqlSession@460e0c8f] was not registered for synchronization because synchronization is not active
JDBC Connection [HikariProxyConnection@814445975 wrapping com.mysql.cj.jdbc.ConnectionImpl@67328bcb] will not be managed by Spring
==>  Preparing: SELECT id,task_id,role_name,speak_order,thought_content,created_at FROM dec_agent_log WHERE (task_id = ?) ORDER BY speak_order ASC,id ASC
==> Parameters: 1000113(Long)
<==      Total: 0
Closing non transactional SqlSession [org.apache.ibatis.session.defaults.DefaultSqlSession@460e0c8f]
2026-03-24T19:37:27.959+08:00  INFO 27956 --- [pricing-backend] [nio-8080-exec-5] c.e.pricing.aspect.OperationLogAspect    : Operation Log - Method: DecisionController.getTaskLogs, Result: Success
Creating a new SqlSession
SqlSession [org.apache.ibatis.session.defaults.DefaultSqlSession@a81f840] was not registered for synchronization because synchronization is not active
JDBC Connection [HikariProxyConnection@1821775082 wrapping com.mysql.cj.jdbc.ConnectionImpl@67328bcb] will not be managed by Spring
==>  Preparing: SELECT id,task_id,role_name,speak_order,thought_content,created_at FROM dec_agent_log WHERE (task_id = ?) ORDER BY speak_order ASC,id ASC
==> Parameters: 1000113(Long)
<==    Columns: id, task_id, role_name, speak_order, thought_content, created_at
<==        Row: 312, 1000113, Ъ§ОнЗжЮі, 1, <<BLOB>>, 2026-03-24 11:37:28
<==      Total: 1
Closing non transactional SqlSession [org.apache.ibatis.session.defaults.DefaultSqlSession@a81f840]
2026-03-24T19:37:28.452+08:00  INFO 27956 --- [pricing-backend] [nio-8080-exec-7] c.e.pricing.aspect.OperationLogAspect    : Operation Log - Method: DecisionController.getTaskLogs, Result: Success
Creating a new SqlSession
SqlSession [org.apache.ibatis.session.defaults.DefaultSqlSession@7bd84c50] was not registered for synchronization because synchronization is not active
JDBC Connection [HikariProxyConnection@263484884 wrapping com.mysql.cj.jdbc.ConnectionImpl@67328bcb] will not be managed by Spring
==>  Preparing: SELECT id,task_id,role_name,speak_order,thought_content,created_at FROM dec_agent_log WHERE (task_id = ?) ORDER BY speak_order ASC,id ASC
==> Parameters: 1000113(Long)
<==    Columns: id, task_id, role_name, speak_order, thought_content, created_at
<==        Row: 312, 1000113, Ъ§ОнЗжЮі, 1, <<BLOB>>, 2026-03-24 11:37:28
<==      Total: 1
Closing non transactional SqlSession [org.apache.ibatis.session.defaults.DefaultSqlSession@7bd84c50]
2026-03-24T19:37:29.564+08:00  INFO 27956 --- [pricing-backend] [nio-8080-exec-6] c.e.pricing.aspect.OperationLogAspect    : Operation Log - Method: DecisionController.getTaskLogs, Result: Success
Creating a new SqlSession
SqlSession [org.apache.ibatis.session.defaults.DefaultSqlSession@604bf948] was not registered for synchronization because synchronization is not active
JDBC Connection [HikariProxyConnection@1865222324 wrapping com.mysql.cj.jdbc.ConnectionImpl@67328bcb] will not be managed by Spring
==>  Preparing: SELECT id,task_id,role_name,speak_order,thought_content,created_at FROM dec_agent_log WHERE (task_id = ?) ORDER BY speak_order ASC,id ASC
==> Parameters: 1000113(Long)
<==    Columns: id, task_id, role_name, speak_order, thought_content, created_at
<==        Row: 312, 1000113, Ъ§ОнЗжЮі, 1, <<BLOB>>, 2026-03-24 11:37:28
<==      Total: 1
Closing non transactional SqlSession [org.apache.ibatis.session.defaults.DefaultSqlSession@604bf948]
2026-03-24T19:37:30.051+08:00  INFO 27956 --- [pricing-backend] [nio-8080-exec-9] c.e.pricing.aspect.OperationLogAspect    : Operation Log - Method: DecisionController.getTaskLogs, Result: Success
Creating a new SqlSession
SqlSession [org.apache.ibatis.session.defaults.DefaultSqlSession@6bcf6b72] was not registered for synchronization because synchronization is not active
JDBC Connection [HikariProxyConnection@594421719 wrapping com.mysql.cj.jdbc.ConnectionImpl@67328bcb] will not be managed by Spring
==>  Preparing: SELECT id,task_id,role_name,speak_order,thought_content,created_at FROM dec_agent_log WHERE (task_id = ?) ORDER BY speak_order ASC,id ASC
==> Parameters: 1000113(Long)
<==    Columns: id, task_id, role_name, speak_order, thought_content, created_at
<==        Row: 312, 1000113, Ъ§ОнЗжЮі, 1, <<BLOB>>, 2026-03-24 11:37:28
<==        Row: 313, 1000113, ЪаГЁЧщБЈ, 2, <<BLOB>>, 2026-03-24 11:37:30
<==      Total: 2
Closing non transactional SqlSession [org.apache.ibatis.session.defaults.DefaultSqlSession@6bcf6b72]
2026-03-24T19:37:31.160+08:00  INFO 27956 --- [pricing-backend] [nio-8080-exec-8] c.e.pricing.aspect.OperationLogAspect    : Operation Log - Method: DecisionController.getTaskLogs, Result: Success
Creating a new SqlSession
SqlSession [org.apache.ibatis.session.defaults.DefaultSqlSession@744fa051] was not registered for synchronization because synchronization is not active
JDBC Connection [HikariProxyConnection@1086299274 wrapping com.mysql.cj.jdbc.ConnectionImpl@67328bcb] will not be managed by Spring
==>  Preparing: SELECT id,task_id,role_name,speak_order,thought_content,created_at FROM dec_agent_log WHERE (task_id = ?) ORDER BY speak_order ASC,id ASC
==> Parameters: 1000113(Long)
<==    Columns: id, task_id, role_name, speak_order, thought_content, created_at
<==        Row: 312, 1000113, Ъ§ОнЗжЮі, 1, <<BLOB>>, 2026-03-24 11:37:28
<==        Row: 313, 1000113, ЪаГЁЧщБЈ, 2, <<BLOB>>, 2026-03-24 11:37:30
<==      Total: 2
Closing non transactional SqlSession [org.apache.ibatis.session.defaults.DefaultSqlSession@744fa051]
2026-03-24T19:37:31.670+08:00  INFO 27956 --- [pricing-backend] [io-8080-exec-10] c.e.pricing.aspect.OperationLogAspect    : Operation Log - Method: DecisionController.getTaskLogs, Result: Success
Creating a new SqlSession
SqlSession [org.apache.ibatis.session.defaults.DefaultSqlSession@556e9e] was not registered for synchronization because synchronization is not active
JDBC Connection [HikariProxyConnection@519837397 wrapping com.mysql.cj.jdbc.ConnectionImpl@67328bcb] will not be managed by Spring
==>  Preparing: SELECT id,task_id,role_name,speak_order,thought_content,created_at FROM dec_agent_log WHERE (task_id = ?) ORDER BY speak_order ASC,id ASC
==> Parameters: 1000113(Long)
<==    Columns: id, task_id, role_name, speak_order, thought_content, created_at
<==        Row: 312, 1000113, Ъ§ОнЗжЮі, 1, <<BLOB>>, 2026-03-24 11:37:28
<==        Row: 313, 1000113, ЪаГЁЧщБЈ, 2, <<BLOB>>, 2026-03-24 11:37:30
<==        Row: 314, 1000113, ЗчЯеПижЦ, 3, <<BLOB>>, 2026-03-24 11:37:32
<==      Total: 3
Closing non transactional SqlSession [org.apache.ibatis.session.defaults.DefaultSqlSession@556e9e]
2026-03-24T19:37:32.775+08:00  INFO 27956 --- [pricing-backend] [nio-8080-exec-1] c.e.pricing.aspect.OperationLogAspect    : Operation Log - Method: DecisionController.getTaskLogs, Result: Success
Creating a new SqlSession
SqlSession [org.apache.ibatis.session.defaults.DefaultSqlSession@264fff12] was not registered for synchronization because synchronization is not active
JDBC Connection [HikariProxyConnection@564180312 wrapping com.mysql.cj.jdbc.ConnectionImpl@67328bcb] will not be managed by Spring
==>  Preparing: SELECT id,task_id,role_name,speak_order,thought_content,created_at FROM dec_agent_log WHERE (task_id = ?) ORDER BY speak_order ASC,id ASC
==> Parameters: 1000113(Long)
<==    Columns: id, task_id, role_name, speak_order, thought_content, created_at
<==        Row: 312, 1000113, Ъ§ОнЗжЮі, 1, <<BLOB>>, 2026-03-24 11:37:28
<==        Row: 313, 1000113, ЪаГЁЧщБЈ, 2, <<BLOB>>, 2026-03-24 11:37:30
<==        Row: 314, 1000113, ЗчЯеПижЦ, 3, <<BLOB>>, 2026-03-24 11:37:32
<==      Total: 3
Closing non transactional SqlSession [org.apache.ibatis.session.defaults.DefaultSqlSession@264fff12]
2026-03-24T19:37:33.255+08:00  INFO 27956 --- [pricing-backend] [nio-8080-exec-2] c.e.pricing.aspect.OperationLogAspect    : Operation Log - Method: DecisionController.getTaskLogs, Result: Success
Creating a new SqlSession
SqlSession [org.apache.ibatis.session.defaults.DefaultSqlSession@18402e65] was not registered for synchronization because synchronization is not active
JDBC Connection [HikariProxyConnection@666436985 wrapping com.mysql.cj.jdbc.ConnectionImpl@67328bcb] will not be managed by Spring
==>  Preparing: SELECT id,task_id,role_name,speak_order,thought_content,created_at FROM dec_agent_log WHERE (task_id = ?) ORDER BY speak_order ASC,id ASC
==> Parameters: 1000113(Long)
<==    Columns: id, task_id, role_name, speak_order, thought_content, created_at
<==        Row: 312, 1000113, Ъ§ОнЗжЮі, 1, <<BLOB>>, 2026-03-24 11:37:28
<==        Row: 313, 1000113, ЪаГЁЧщБЈ, 2, <<BLOB>>, 2026-03-24 11:37:30
<==        Row: 314, 1000113, ЗчЯеПижЦ, 3, <<BLOB>>, 2026-03-24 11:37:32
<==      Total: 3
Closing non transactional SqlSession [org.apache.ibatis.session.defaults.DefaultSqlSession@18402e65]
2026-03-24T19:37:34.370+08:00  INFO 27956 --- [pricing-backend] [nio-8080-exec-4] c.e.pricing.aspect.OperationLogAspect    : Operation Log - Method: DecisionController.getTaskLogs, Result: Success
Creating a new SqlSession
SqlSession [org.apache.ibatis.session.defaults.DefaultSqlSession@43e9a5a] was not registered for synchronization because synchronization is not active
JDBC Connection [HikariProxyConnection@295696383 wrapping com.mysql.cj.jdbc.ConnectionImpl@67328bcb] will not be managed by Spring
==>  Preparing: SELECT id,task_id,role_name,speak_order,thought_content,created_at FROM dec_agent_log WHERE (task_id = ?) ORDER BY speak_order ASC,id ASC
==> Parameters: 1000113(Long)
<==    Columns: id, task_id, role_name, speak_order, thought_content, created_at
<==        Row: 312, 1000113, Ъ§ОнЗжЮі, 1, <<BLOB>>, 2026-03-24 11:37:28
<==        Row: 313, 1000113, ЪаГЁЧщБЈ, 2, <<BLOB>>, 2026-03-24 11:37:30
<==        Row: 314, 1000113, ЗчЯеПижЦ, 3, <<BLOB>>, 2026-03-24 11:37:32
<==        Row: 315, 1000113, ОіВпО­Рэ, 4, <<BLOB>>, 2026-03-24 11:37:34
<==      Total: 4
Closing non transactional SqlSession [org.apache.ibatis.session.defaults.DefaultSqlSession@43e9a5a]
2026-03-24T19:37:34.618+08:00  INFO 27956 --- [pricing-backend] [nio-8080-exec-3] c.e.pricing.aspect.OperationLogAspect    : Operation Log - Method: DecisionController.getTaskLogs, Result: Success
Creating a new SqlSession
SqlSession [org.apache.ibatis.session.defaults.DefaultSqlSession@29c7f0d4] was not registered for synchronization because synchronization is not active
JDBC Connection [HikariProxyConnection@530316055 wrapping com.mysql.cj.jdbc.ConnectionImpl@67328bcb] will not be managed by Spring
==>  Preparing: SELECT id,task_id,role_name,speak_order,thought_content,created_at FROM dec_agent_log WHERE (task_id = ?) ORDER BY speak_order ASC,id ASC
==> Parameters: 1000113(Long)
<==    Columns: id, task_id, role_name, speak_order, thought_content, created_at
<==        Row: 312, 1000113, Ъ§ОнЗжЮі, 1, <<BLOB>>, 2026-03-24 11:37:28
<==        Row: 313, 1000113, ЪаГЁЧщБЈ, 2, <<BLOB>>, 2026-03-24 11:37:30
<==        Row: 314, 1000113, ЗчЯеПижЦ, 3, <<BLOB>>, 2026-03-24 11:37:32
<==        Row: 315, 1000113, ОіВпО­Рэ, 4, <<BLOB>>, 2026-03-24 11:37:34
<==      Total: 4
Closing non transactional SqlSession [org.apache.ibatis.session.defaults.DefaultSqlSession@29c7f0d4]
2026-03-24T19:37:34.833+08:00  INFO 27956 --- [pricing-backend] [nio-8080-exec-5] c.e.pricing.aspect.OperationLogAspect    : Operation Log - Method: DecisionController.getTaskLogs, Result: Success
2026-03-24T19:37:36.227+08:00  INFO 27956 --- [pricing-backend] [nio-8080-exec-7] c.e.pricing.aspect.OperationLogAspect    : Operation Log - Method: HealthController.health, Result: Success
Creating a new SqlSession
SqlSession [org.apache.ibatis.session.defaults.DefaultSqlSession@2eef061f] was not registered for synchronization because synchronization is not active
JDBC Connection [HikariProxyConnection@443954927 wrapping com.mysql.cj.jdbc.ConnectionImpl@67328bcb] will not be managed by Spring
==>  Preparing: SELECT COUNT(*) AS total FROM biz_product
==> Parameters: 
<==    Columns: total
<==        Row: 7
<==      Total: 1
==>  Preparing: SELECT id,title,category,cost_price,market_price,current_price,stock,monthly_sales,click_rate,conversion_rate,source,created_at,updated_at FROM biz_product ORDER BY updated_at DESC LIMIT ?
==> Parameters: 10(Long)
<==    Columns: id, title, category, cost_price, market_price, current_price, stock, monthly_sales, click_rate, conversion_rate, source, created_at, updated_at
<==        Row: 20, ЦьНЂНЕдыРЖбРЖњЛњ, Ъ§ТыХфМў, 149.00, 299.00, 214.37, 260, 312, 0.086, 0.041, SEED_REALISTIC, 2026-03-19 10:26:17, 2026-03-19 15:36:18
<==        Row: 21, 316ВЛатИжБЃЮТБ­ 750ml, МвОггУЦЗ, 28.00, 89.00, 59.00, 480, 620, 0.071, 0.055, SEED_REALISTIC, 2026-03-19 10:26:17, 2026-03-19 15:36:18
<==        Row: 22, UPF50+ ЧсСПЗРЩЙвТ, ЛЇЭтЗўЪЮ, 68.00, 169.00, 139.00, 380, 228, 0.093, 0.036, SEED_REALISTIC, 2026-03-19 10:26:17, 2026-03-19 15:36:18
<==        Row: 5, ЦћГЕ, ЭцОп, 30.00, 99.00, 41.35, 1000, 500, 0.055, 0.012, IMPORT, null, 2026-03-18 21:17:44
<==        Row: 6, ЛњЦїШЫ, ЭцОп, 50.00, 100.00, 71.10, 500, 100, 0.11, 0.11, IMPORT, null, 2026-03-18 21:15:18
<==        Row: 4, T ає, ФазА, 30.00, 99.00, 45.00, 1000, 500, 0.055, 0.012, IMPORT, null, 2026-03-17 21:11:59
<==        Row: 7, ЪОР§ЩЬЦЗ - ЯФМО T ає, ФазА, 30.00, 99.00, 59.00, 1000, 500, 0.055, 0.012, IMPORT, null, null
<==      Total: 7
Closing non transactional SqlSession [org.apache.ibatis.session.defaults.DefaultSqlSession@2eef061f]
2026-03-24T19:37:42.566+08:00  INFO 27956 --- [pricing-backend] [nio-8080-exec-9] c.e.pricing.aspect.OperationLogAspect    : Operation Log - Method: ProductController.getProductList, Result: Success
Creating a new SqlSession
SqlSession [org.apache.ibatis.session.defaults.DefaultSqlSession@7f858465] was not registered for synchronization because synchronization is not active
JDBC Connection [HikariProxyConnection@1870787612 wrapping com.mysql.cj.jdbc.ConnectionImpl@67328bcb] will not be managed by Spring
==>  Preparing: SELECT id,task_id,role_name,speak_order,thought_content,created_at FROM dec_agent_log WHERE (task_id = ?) ORDER BY speak_order ASC,id ASC
==> Parameters: 1000113(Long)
<==    Columns: id, task_id, role_name, speak_order, thought_content, created_at
<==        Row: 312, 1000113, Ъ§ОнЗжЮі, 1, <<BLOB>>, 2026-03-24 11:37:28
<==        Row: 313, 1000113, ЪаГЁЧщБЈ, 2, <<BLOB>>, 2026-03-24 11:37:30
<==        Row: 314, 1000113, ЗчЯеПижЦ, 3, <<BLOB>>, 2026-03-24 11:37:32
<==        Row: 315, 1000113, ОіВпО­Рэ, 4, <<BLOB>>, 2026-03-24 11:37:34
<==      Total: 4
Closing non transactional SqlSession [org.apache.ibatis.session.defaults.DefaultSqlSession@7f858465]
2026-03-24T19:37:42.891+08:00  INFO 27956 --- [pricing-backend] [nio-8080-exec-8] c.e.pricing.aspect.OperationLogAspect    : Operation Log - Method: DecisionController.getTaskLogs, Result: Success
Creating a new SqlSession
SqlSession [org.apache.ibatis.session.defaults.DefaultSqlSession@79c542e6] was not registered for synchronization because synchronization is not active
JDBC Connection [HikariProxyConnection@876909421 wrapping com.mysql.cj.jdbc.ConnectionImpl@67328bcb] will not be managed by Spring
==>  Preparing: SELECT COUNT(*) AS total FROM biz_product
==> Parameters: 
<==    Columns: total
<==        Row: 7
<==      Total: 1
==>  Preparing: SELECT id,title,category,cost_price,market_price,current_price,stock,monthly_sales,click_rate,conversion_rate,source,created_at,updated_at FROM biz_product ORDER BY updated_at DESC LIMIT ?
==> Parameters: 20(Long)
<==    Columns: id, title, category, cost_price, market_price, current_price, stock, monthly_sales, click_rate, conversion_rate, source, created_at, updated_at
<==        Row: 20, ЦьНЂНЕдыРЖбРЖњЛњ, Ъ§ТыХфМў, 149.00, 299.00, 214.37, 260, 312, 0.086, 0.041, SEED_REALISTIC, 2026-03-19 10:26:17, 2026-03-19 15:36:18
<==        Row: 21, 316ВЛатИжБЃЮТБ­ 750ml, МвОггУЦЗ, 28.00, 89.00, 59.00, 480, 620, 0.071, 0.055, SEED_REALISTIC, 2026-03-19 10:26:17, 2026-03-19 15:36:18
<==        Row: 22, UPF50+ ЧсСПЗРЩЙвТ, ЛЇЭтЗўЪЮ, 68.00, 169.00, 139.00, 380, 228, 0.093, 0.036, SEED_REALISTIC, 2026-03-19 10:26:17, 2026-03-19 15:36:18
<==        Row: 5, ЦћГЕ, ЭцОп, 30.00, 99.00, 41.35, 1000, 500, 0.055, 0.012, IMPORT, null, 2026-03-18 21:17:44
<==        Row: 6, ЛњЦїШЫ, ЭцОп, 50.00, 100.00, 71.10, 500, 100, 0.11, 0.11, IMPORT, null, 2026-03-18 21:15:18
<==        Row: 4, T ає, ФазА, 30.00, 99.00, 45.00, 1000, 500, 0.055, 0.012, IMPORT, null, 2026-03-17 21:11:59
<==        Row: 7, ЪОР§ЩЬЦЗ - ЯФМО T ає, ФазА, 30.00, 99.00, 59.00, 1000, 500, 0.055, 0.012, IMPORT, null, null
<==      Total: 7
Closing non transactional SqlSession [org.apache.ibatis.session.defaults.DefaultSqlSession@79c542e6]
2026-03-24T19:37:43.165+08:00  INFO 27956 --- [pricing-backend] [io-8080-exec-10] c.e.pricing.aspect.OperationLogAspect    : Operation Log - Method: ProductController.getProductList, Result: Success
Creating a new SqlSession
SqlSession [org.apache.ibatis.session.defaults.DefaultSqlSession@2d7b223c] was not registered for synchronization because synchronization is not active
JDBC Connection [HikariProxyConnection@1329109417 wrapping com.mysql.cj.jdbc.ConnectionImpl@67328bcb] will not be managed by Spring
==>  Preparing: SELECT COUNT(*) AS total FROM biz_product
==> Parameters: 
<==    Columns: total
<==        Row: 7
<==      Total: 1
==>  Preparing: SELECT id,title,category,cost_price,market_price,current_price,stock,monthly_sales,click_rate,conversion_rate,source,created_at,updated_at FROM biz_product ORDER BY updated_at DESC LIMIT ?
==> Parameters: 20(Long)
<==    Columns: id, title, category, cost_price, market_price, current_price, stock, monthly_sales, click_rate, conversion_rate, source, created_at, updated_at
<==        Row: 20, ЦьНЂНЕдыРЖбРЖњЛњ, Ъ§ТыХфМў, 149.00, 299.00, 214.37, 260, 312, 0.086, 0.041, SEED_REALISTIC, 2026-03-19 10:26:17, 2026-03-19 15:36:18
<==        Row: 21, 316ВЛатИжБЃЮТБ­ 750ml, МвОггУЦЗ, 28.00, 89.00, 59.00, 480, 620, 0.071, 0.055, SEED_REALISTIC, 2026-03-19 10:26:17, 2026-03-19 15:36:18
<==        Row: 22, UPF50+ ЧсСПЗРЩЙвТ, ЛЇЭтЗўЪЮ, 68.00, 169.00, 139.00, 380, 228, 0.093, 0.036, SEED_REALISTIC, 2026-03-19 10:26:17, 2026-03-19 15:36:18
<==        Row: 5, ЦћГЕ, ЭцОп, 30.00, 99.00, 41.35, 1000, 500, 0.055, 0.012, IMPORT, null, 2026-03-18 21:17:44
<==        Row: 6, ЛњЦїШЫ, ЭцОп, 50.00, 100.00, 71.10, 500, 100, 0.11, 0.11, IMPORT, null, 2026-03-18 21:15:18
<==        Row: 4, T ає, ФазА, 30.00, 99.00, 45.00, 1000, 500, 0.055, 0.012, IMPORT, null, 2026-03-17 21:11:59
<==        Row: 7, ЪОР§ЩЬЦЗ - ЯФМО T ає, ФазА, 30.00, 99.00, 59.00, 1000, 500, 0.055, 0.012, IMPORT, null, null
<==      Total: 7
Closing non transactional SqlSession [org.apache.ibatis.session.defaults.DefaultSqlSession@2d7b223c]
2026-03-24T19:37:43.702+08:00  INFO 27956 --- [pricing-backend] [nio-8080-exec-1] c.e.pricing.aspect.OperationLogAspect    : Operation Log - Method: ProductController.getProductList, Result: Success
Creating a new SqlSession
SqlSession [org.apache.ibatis.session.defaults.DefaultSqlSession@74a13e85] was not registered for synchronization because synchronization is not active
JDBC Connection [HikariProxyConnection@768604268 wrapping com.mysql.cj.jdbc.ConnectionImpl@67328bcb] will not be managed by Spring
==>  Preparing: SELECT id,title,category,cost_price,market_price,current_price,stock,monthly_sales,click_rate,conversion_rate,source,created_at,updated_at FROM biz_product WHERE id IN ( ? )
==> Parameters: 20(Long)
<==    Columns: id, title, category, cost_price, market_price, current_price, stock, monthly_sales, click_rate, conversion_rate, source, created_at, updated_at
<==        Row: 20, ЦьНЂНЕдыРЖбРЖњЛњ, Ъ§ТыХфМў, 149.00, 299.00, 214.37, 260, 312, 0.086, 0.041, SEED_REALISTIC, 2026-03-19 10:26:17, 2026-03-19 15:36:18
<==      Total: 1
Closing non transactional SqlSession [org.apache.ibatis.session.defaults.DefaultSqlSession@74a13e85]
Creating a new SqlSession
SqlSession [org.apache.ibatis.session.defaults.DefaultSqlSession@4f7bd4e9] was not registered for synchronization because synchronization is not active
JDBC Connection [HikariProxyConnection@852729493 wrapping com.mysql.cj.jdbc.ConnectionImpl@67328bcb] will not be managed by Spring
==>  Preparing: INSERT INTO dec_task ( task_no, strategy_type, constraints, product_names, status, created_at, updated_at ) VALUES ( ?, ?, ?, ?, ?, ?, ? )
==> Parameters: c47fc4d2-942c-4e72-b395-b640ebc52f57(String), CLEARANCE(String), (String), ЦьНЂНЕдыРЖбРЖњЛњ(String), RUNNING(String), 2026-03-24T19:37:46.146080400(LocalDateTime), 2026-03-24T19:37:46.146080400(LocalDateTime)
<==    Updates: 1
Closing non transactional SqlSession [org.apache.ibatis.session.defaults.DefaultSqlSession@4f7bd4e9]
2026-03-24T19:37:46.161+08:00  INFO 27956 --- [pricing-backend] [nio-8080-exec-2] c.e.pricing.aspect.OperationLogAspect    : Operation Log - Method: DecisionController.startDecisionTask, Result: Success
Creating a new SqlSession
SqlSession [org.apache.ibatis.session.defaults.DefaultSqlSession@6aa6b8db] was not registered for synchronization because synchronization is not active
JDBC Connection [HikariProxyConnection@1938591980 wrapping com.mysql.cj.jdbc.ConnectionImpl@67328bcb] will not be managed by Spring
==>  Preparing: SELECT id,task_id,role_name,speak_order,thought_content,created_at FROM dec_agent_log WHERE (task_id = ?) ORDER BY speak_order ASC,id ASC
==> Parameters: 1000114(Long)
<==      Total: 0
Closing non transactional SqlSession [org.apache.ibatis.session.defaults.DefaultSqlSession@6aa6b8db]
2026-03-24T19:37:46.407+08:00  INFO 27956 --- [pricing-backend] [nio-8080-exec-4] c.e.pricing.aspect.OperationLogAspect    : Operation Log - Method: DecisionController.getTaskLogs, Result: Success
Creating a new SqlSession
SqlSession [org.apache.ibatis.session.defaults.DefaultSqlSession@7438878] was not registered for synchronization because synchronization is not active
JDBC Connection [HikariProxyConnection@2002726528 wrapping com.mysql.cj.jdbc.ConnectionImpl@67328bcb] will not be managed by Spring
==>  Preparing: SELECT id,task_id,role_name,speak_order,thought_content,created_at FROM dec_agent_log WHERE (task_id = ?) ORDER BY speak_order ASC,id ASC
==> Parameters: 1000114(Long)
<==      Total: 0
Closing non transactional SqlSession [org.apache.ibatis.session.defaults.DefaultSqlSession@7438878]
2026-03-24T19:37:46.975+08:00  INFO 27956 --- [pricing-backend] [nio-8080-exec-3] c.e.pricing.aspect.OperationLogAspect    : Operation Log - Method: DecisionController.getTaskLogs, Result: Success
Creating a new SqlSession
SqlSession [org.apache.ibatis.session.defaults.DefaultSqlSession@2091562b] was not registered for synchronization because synchronization is not active
JDBC Connection [HikariProxyConnection@1620197997 wrapping com.mysql.cj.jdbc.ConnectionImpl@67328bcb] will not be managed by Spring
==>  Preparing: SELECT id,task_id,role_name,speak_order,thought_content,created_at FROM dec_agent_log WHERE (task_id = ?) ORDER BY speak_order ASC,id ASC
==> Parameters: 1000114(Long)
<==      Total: 0
Closing non transactional SqlSession [org.apache.ibatis.session.defaults.DefaultSqlSession@2091562b]
2026-03-24T19:37:48.088+08:00  INFO 27956 --- [pricing-backend] [nio-8080-exec-5] c.e.pricing.aspect.OperationLogAspect    : Operation Log - Method: DecisionController.getTaskLogs, Result: Success
Creating a new SqlSession
SqlSession [org.apache.ibatis.session.defaults.DefaultSqlSession@6aee7e54] was not registered for synchronization because synchronization is not active
JDBC Connection [HikariProxyConnection@1864947889 wrapping com.mysql.cj.jdbc.ConnectionImpl@67328bcb] will not be managed by Spring
==>  Preparing: SELECT id,task_id,role_name,speak_order,thought_content,created_at FROM dec_agent_log WHERE (task_id = ?) ORDER BY speak_order ASC,id ASC
==> Parameters: 1000114(Long)
<==    Columns: id, task_id, role_name, speak_order, thought_content, created_at
<==        Row: 316, 1000114, Ъ§ОнЗжЮі, 1, <<BLOB>>, 2026-03-24 11:37:48
<==      Total: 1
Closing non transactional SqlSession [org.apache.ibatis.session.defaults.DefaultSqlSession@6aee7e54]
2026-03-24T19:37:48.577+08:00  INFO 27956 --- [pricing-backend] [nio-8080-exec-7] c.e.pricing.aspect.OperationLogAspect    : Operation Log - Method: DecisionController.getTaskLogs, Result: Success
Creating a new SqlSession
SqlSession [org.apache.ibatis.session.defaults.DefaultSqlSession@53a083da] was not registered for synchronization because synchronization is not active
JDBC Connection [HikariProxyConnection@948235789 wrapping com.mysql.cj.jdbc.ConnectionImpl@67328bcb] will not be managed by Spring
==>  Preparing: SELECT id,task_id,role_name,speak_order,thought_content,created_at FROM dec_agent_log WHERE (task_id = ?) ORDER BY speak_order ASC,id ASC
==> Parameters: 1000114(Long)
<==    Columns: id, task_id, role_name, speak_order, thought_content, created_at
<==        Row: 316, 1000114, Ъ§ОнЗжЮі, 1, <<BLOB>>, 2026-03-24 11:37:48
<==      Total: 1
Closing non transactional SqlSession [org.apache.ibatis.session.defaults.DefaultSqlSession@53a083da]
2026-03-24T19:37:49.708+08:00  INFO 27956 --- [pricing-backend] [nio-8080-exec-6] c.e.pricing.aspect.OperationLogAspect    : Operation Log - Method: DecisionController.getTaskLogs, Result: Success
Creating a new SqlSession
SqlSession [org.apache.ibatis.session.defaults.DefaultSqlSession@7c242d18] was not registered for synchronization because synchronization is not active
JDBC Connection [HikariProxyConnection@1250272187 wrapping com.mysql.cj.jdbc.ConnectionImpl@67328bcb] will not be managed by Spring
==>  Preparing: SELECT id,task_id,role_name,speak_order,thought_content,created_at FROM dec_agent_log WHERE (task_id = ?) ORDER BY speak_order ASC,id ASC
==> Parameters: 1000114(Long)
<==    Columns: id, task_id, role_name, speak_order, thought_content, created_at
<==        Row: 316, 1000114, Ъ§ОнЗжЮі, 1, <<BLOB>>, 2026-03-24 11:37:48
<==      Total: 1
Closing non transactional SqlSession [org.apache.ibatis.session.defaults.DefaultSqlSession@7c242d18]
2026-03-24T19:37:50.175+08:00  INFO 27956 --- [pricing-backend] [nio-8080-exec-9] c.e.pricing.aspect.OperationLogAspect    : Operation Log - Method: DecisionController.getTaskLogs, Result: Success
Creating a new SqlSession
SqlSession [org.apache.ibatis.session.defaults.DefaultSqlSession@545083bf] was not registered for synchronization because synchronization is not active
JDBC Connection [HikariProxyConnection@119899132 wrapping com.mysql.cj.jdbc.ConnectionImpl@67328bcb] will not be managed by Spring
==>  Preparing: SELECT id,task_id,role_name,speak_order,thought_content,created_at FROM dec_agent_log WHERE (task_id = ?) ORDER BY speak_order ASC,id ASC
==> Parameters: 1000114(Long)
<==    Columns: id, task_id, role_name, speak_order, thought_content, created_at
<==        Row: 316, 1000114, Ъ§ОнЗжЮі, 1, <<BLOB>>, 2026-03-24 11:37:48
<==        Row: 317, 1000114, ЪаГЁЧщБЈ, 2, <<BLOB>>, 2026-03-24 11:37:50
<==      Total: 2
Closing non transactional SqlSession [org.apache.ibatis.session.defaults.DefaultSqlSession@545083bf]
2026-03-24T19:37:51.289+08:00  INFO 27956 --- [pricing-backend] [nio-8080-exec-8] c.e.pricing.aspect.OperationLogAspect    : Operation Log - Method: DecisionController.getTaskLogs, Result: Success
Creating a new SqlSession
SqlSession [org.apache.ibatis.session.defaults.DefaultSqlSession@7a1a148e] was not registered for synchronization because synchronization is not active
JDBC Connection [HikariProxyConnection@1783971675 wrapping com.mysql.cj.jdbc.ConnectionImpl@67328bcb] will not be managed by Spring
==>  Preparing: SELECT id,task_id,role_name,speak_order,thought_content,created_at FROM dec_agent_log WHERE (task_id = ?) ORDER BY speak_order ASC,id ASC
==> Parameters: 1000114(Long)
<==    Columns: id, task_id, role_name, speak_order, thought_content, created_at
<==        Row: 316, 1000114, Ъ§ОнЗжЮі, 1, <<BLOB>>, 2026-03-24 11:37:48
<==        Row: 317, 1000114, ЪаГЁЧщБЈ, 2, <<BLOB>>, 2026-03-24 11:37:50
<==      Total: 2
Closing non transactional SqlSession [org.apache.ibatis.session.defaults.DefaultSqlSession@7a1a148e]
2026-03-24T19:37:51.787+08:00  INFO 27956 --- [pricing-backend] [io-8080-exec-10] c.e.pricing.aspect.OperationLogAspect    : Operation Log - Method: DecisionController.getTaskLogs, Result: Success
Creating a new SqlSession
SqlSession [org.apache.ibatis.session.defaults.DefaultSqlSession@293cbb86] was not registered for synchronization because synchronization is not active
JDBC Connection [HikariProxyConnection@583178969 wrapping com.mysql.cj.jdbc.ConnectionImpl@67328bcb] will not be managed by Spring
==>  Preparing: SELECT id,task_id,role_name,speak_order,thought_content,created_at FROM dec_agent_log WHERE (task_id = ?) ORDER BY speak_order ASC,id ASC
==> Parameters: 1000114(Long)
<==    Columns: id, task_id, role_name, speak_order, thought_content, created_at
<==        Row: 316, 1000114, Ъ§ОнЗжЮі, 1, <<BLOB>>, 2026-03-24 11:37:48
<==        Row: 317, 1000114, ЪаГЁЧщБЈ, 2, <<BLOB>>, 2026-03-24 11:37:50
<==        Row: 318, 1000114, ЗчЯеПижЦ, 3, <<BLOB>>, 2026-03-24 11:37:52
<==      Total: 3
Closing non transactional SqlSession [org.apache.ibatis.session.defaults.DefaultSqlSession@293cbb86]
2026-03-24T19:37:52.887+08:00  INFO 27956 --- [pricing-backend] [nio-8080-exec-1] c.e.pricing.aspect.OperationLogAspect    : Operation Log - Method: DecisionController.getTaskLogs, Result: Success
Creating a new SqlSession
SqlSession [org.apache.ibatis.session.defaults.DefaultSqlSession@7433784a] was not registered for synchronization because synchronization is not active
JDBC Connection [HikariProxyConnection@1513781103 wrapping com.mysql.cj.jdbc.ConnectionImpl@67328bcb] will not be managed by Spring
==>  Preparing: SELECT id,task_id,role_name,speak_order,thought_content,created_at FROM dec_agent_log WHERE (task_id = ?) ORDER BY speak_order ASC,id ASC
==> Parameters: 1000114(Long)
<==    Columns: id, task_id, role_name, speak_order, thought_content, created_at
<==        Row: 316, 1000114, Ъ§ОнЗжЮі, 1, <<BLOB>>, 2026-03-24 11:37:48
<==        Row: 317, 1000114, ЪаГЁЧщБЈ, 2, <<BLOB>>, 2026-03-24 11:37:50
<==        Row: 318, 1000114, ЗчЯеПижЦ, 3, <<BLOB>>, 2026-03-24 11:37:52
<==      Total: 3
Closing non transactional SqlSession [org.apache.ibatis.session.defaults.DefaultSqlSession@7433784a]
2026-03-24T19:37:53.387+08:00  INFO 27956 --- [pricing-backend] [nio-8080-exec-2] c.e.pricing.aspect.OperationLogAspect    : Operation Log - Method: DecisionController.getTaskLogs, Result: Success
Creating a new SqlSession
SqlSession [org.apache.ibatis.session.defaults.DefaultSqlSession@5e35cfa9] was not registered for synchronization because synchronization is not active
JDBC Connection [HikariProxyConnection@370552825 wrapping com.mysql.cj.jdbc.ConnectionImpl@67328bcb] will not be managed by Spring
==>  Preparing: SELECT id,task_id,role_name,speak_order,thought_content,created_at FROM dec_agent_log WHERE (task_id = ?) ORDER BY speak_order ASC,id ASC
==> Parameters: 1000114(Long)
<==    Columns: id, task_id, role_name, speak_order, thought_content, created_at
<==        Row: 316, 1000114, Ъ§ОнЗжЮі, 1, <<BLOB>>, 2026-03-24 11:37:48
<==        Row: 317, 1000114, ЪаГЁЧщБЈ, 2, <<BLOB>>, 2026-03-24 11:37:50
<==        Row: 318, 1000114, ЗчЯеПижЦ, 3, <<BLOB>>, 2026-03-24 11:37:52
<==      Total: 3
Closing non transactional SqlSession [org.apache.ibatis.session.defaults.DefaultSqlSession@5e35cfa9]
2026-03-24T19:37:54.487+08:00  INFO 27956 --- [pricing-backend] [nio-8080-exec-4] c.e.pricing.aspect.OperationLogAspect    : Operation Log - Method: DecisionController.getTaskLogs, Result: Success
Creating a new SqlSession
SqlSession [org.apache.ibatis.session.defaults.DefaultSqlSession@15baf497] was not registered for synchronization because synchronization is not active
JDBC Connection [HikariProxyConnection@245480976 wrapping com.mysql.cj.jdbc.ConnectionImpl@67328bcb] will not be managed by Spring
==>  Preparing: SELECT id,task_id,role_name,speak_order,thought_content,created_at FROM dec_agent_log WHERE (task_id = ?) ORDER BY speak_order ASC,id ASC
==> Parameters: 1000114(Long)
<==    Columns: id, task_id, role_name, speak_order, thought_content, created_at
<==        Row: 316, 1000114, Ъ§ОнЗжЮі, 1, <<BLOB>>, 2026-03-24 11:37:48
<==        Row: 317, 1000114, ЪаГЁЧщБЈ, 2, <<BLOB>>, 2026-03-24 11:37:50
<==        Row: 318, 1000114, ЗчЯеПижЦ, 3, <<BLOB>>, 2026-03-24 11:37:52
<==        Row: 319, 1000114, ОіВпО­Рэ, 4, <<BLOB>>, 2026-03-24 11:37:55
<==      Total: 4
Closing non transactional SqlSession [org.apache.ibatis.session.defaults.DefaultSqlSession@15baf497]
2026-03-24T19:37:54.741+08:00  INFO 27956 --- [pricing-backend] [nio-8080-exec-3] c.e.pricing.aspect.OperationLogAspect    : Operation Log - Method: DecisionController.getTaskLogs, Result: Success
Creating a new SqlSession
SqlSession [org.apache.ibatis.session.defaults.DefaultSqlSession@28554fae] was not registered for synchronization because synchronization is not active
JDBC Connection [HikariProxyConnection@39810177 wrapping com.mysql.cj.jdbc.ConnectionImpl@67328bcb] will not be managed by Spring
==>  Preparing: SELECT id,task_id,role_name,speak_order,thought_content,created_at FROM dec_agent_log WHERE (task_id = ?) ORDER BY speak_order ASC,id ASC
==> Parameters: 1000114(Long)
<==    Columns: id, task_id, role_name, speak_order, thought_content, created_at
<==        Row: 316, 1000114, Ъ§ОнЗжЮі, 1, <<BLOB>>, 2026-03-24 11:37:48
<==        Row: 317, 1000114, ЪаГЁЧщБЈ, 2, <<BLOB>>, 2026-03-24 11:37:50
<==        Row: 318, 1000114, ЗчЯеПижЦ, 3, <<BLOB>>, 2026-03-24 11:37:52
<==        Row: 319, 1000114, ОіВпО­Рэ, 4, <<BLOB>>, 2026-03-24 11:37:55
<==      Total: 4
Closing non transactional SqlSession [org.apache.ibatis.session.defaults.DefaultSqlSession@28554fae]
2026-03-24T19:37:54.945+08:00  INFO 27956 --- [pricing-backend] [nio-8080-exec-5] c.e.pricing.aspect.OperationLogAspect    : Operation Log - Method: DecisionController.getTaskLogs, Result: Success
Creating a new SqlSession
SqlSession [org.apache.ibatis.session.defaults.DefaultSqlSession@39609c98] was not registered for synchronization because synchronization is not active
JDBC Connection [HikariProxyConnection@709105990 wrapping com.mysql.cj.jdbc.ConnectionImpl@67328bcb] will not be managed by Spring
==>  Preparing: SELECT COUNT(*) AS total FROM dec_task
==> Parameters: 
<==    Columns: total
<==        Row: 91
<==      Total: 1
==>  Preparing: SELECT id,task_no,strategy_type,constraints,product_names,status,created_at,updated_at FROM dec_task ORDER BY created_at DESC LIMIT ?
==> Parameters: 10(Long)
<==    Columns: id, task_no, strategy_type, constraints, product_names, status, created_at, updated_at
<==        Row: 1000114, c47fc4d2-942c-4e72-b395-b640ebc52f57, CLEARANCE, <<BLOB>>, <<BLOB>>, COMPLETED, 2026-03-24 19:37:46, 2026-03-24 11:37:55
<==        Row: 1000113, a75be85a-da86-404b-adab-8aaf0bd71bef, CLEARANCE, <<BLOB>>, <<BLOB>>, COMPLETED, 2026-03-24 19:37:26, 2026-03-24 11:37:35
<==        Row: 1000112, 84c71977-fc15-43fc-acd7-574d5c37a82d, CLEARANCE, <<BLOB>>, <<BLOB>>, COMPLETED, 2026-03-24 18:44:44, 2026-03-24 10:44:53
<==        Row: 1000111, dadf3a3a-f594-4c92-8cfb-60c8da4edcae, CLEARANCE, <<BLOB>>, <<BLOB>>, COMPLETED, 2026-03-24 18:43:16, 2026-03-24 10:43:25
<==        Row: 1000110, 0911cd7d-7878-4e18-bb7c-c31f32a7dd7a, CLEARANCE, <<BLOB>>, <<BLOB>>, COMPLETED, 2026-03-24 18:35:12, 2026-03-24 10:35:20
<==        Row: 1000109, a9a98229-30fc-4796-b6dc-29fe8bf11281, CLEARANCE, <<BLOB>>, <<BLOB>>, COMPLETED, 2026-03-22 17:51:34, 2026-03-22 09:51:43
<==        Row: 1000108, 6fd7c21f-acc2-4fde-a2da-e185e49c9dd0, MAX_PROFIT, <<BLOB>>, <<BLOB>>, COMPLETED, 2026-03-22 17:49:23, 2026-03-22 09:49:32
<==        Row: 1000107, 9aaa64cd-6e15-4c3e-a293-a2ebf7c20b85, CLEARANCE, <<BLOB>>, <<BLOB>>, COMPLETED, 2026-03-22 17:41:13, 2026-03-22 09:41:21
<==        Row: 1000106, d1598851-f454-4600-81cb-54b8b2c199d4, CLEARANCE, <<BLOB>>, <<BLOB>>, COMPLETED, 2026-03-22 17:40:20, 2026-03-22 09:40:28
<==        Row: 1000105, 64d7a5a1-caa8-409e-9e93-f43763883b95, CLEARANCE, <<BLOB>>, <<BLOB>>, COMPLETED, 2026-03-22 17:38:43, 2026-03-22 09:38:51
<==      Total: 10
Closing non transactional SqlSession [org.apache.ibatis.session.defaults.DefaultSqlSession@39609c98]
2026-03-24T19:39:03.533+08:00  INFO 27956 --- [pricing-backend] [nio-8080-exec-7] c.e.pricing.aspect.OperationLogAspect    : Operation Log - Method: DecisionController.getTasks, Result: Success
Creating a new SqlSession
SqlSession [org.apache.ibatis.session.defaults.DefaultSqlSession@1ad70caf] was not registered for synchronization because synchronization is not active
JDBC Connection [HikariProxyConnection@1304359548 wrapping com.mysql.cj.jdbc.ConnectionImpl@67328bcb] will not be managed by Spring
==>  Preparing: SELECT id,task_id,role_name,speak_order,thought_content,created_at FROM dec_agent_log WHERE (task_id = ?) ORDER BY speak_order ASC,id ASC
==> Parameters: 1000114(Long)
<==    Columns: id, task_id, role_name, speak_order, thought_content, created_at
<==        Row: 316, 1000114, Ъ§ОнЗжЮі, 1, <<BLOB>>, 2026-03-24 11:37:48
<==        Row: 317, 1000114, ЪаГЁЧщБЈ, 2, <<BLOB>>, 2026-03-24 11:37:50
<==        Row: 318, 1000114, ЗчЯеПижЦ, 3, <<BLOB>>, 2026-03-24 11:37:52
<==        Row: 319, 1000114, ОіВпО­Рэ, 4, <<BLOB>>, 2026-03-24 11:37:55
<==      Total: 4
Closing non transactional SqlSession [org.apache.ibatis.session.defaults.DefaultSqlSession@1ad70caf]
2026-03-24T19:39:03.546+08:00  INFO 27956 --- [pricing-backend] [nio-8080-exec-6] c.e.pricing.aspect.OperationLogAspect    : Operation Log - Method: DecisionController.getTaskLogs, Result: Success
Creating a new SqlSession
SqlSession [org.apache.ibatis.session.defaults.DefaultSqlSession@2f9d3d1] was not registered for synchronization because synchronization is not active
JDBC Connection [HikariProxyConnection@1609069179 wrapping com.mysql.cj.jdbc.ConnectionImpl@67328bcb] will not be managed by Spring
==>  Preparing: SELECT COUNT( * ) AS total FROM dec_task
==> Parameters: 
<==    Columns: total
<==        Row: 91
<==      Total: 1
Closing non transactional SqlSession [org.apache.ibatis.session.defaults.DefaultSqlSession@2f9d3d1]
Creating a new SqlSession
SqlSession [org.apache.ibatis.session.defaults.DefaultSqlSession@2346bc8c] was not registered for synchronization because synchronization is not active
JDBC Connection [HikariProxyConnection@1877836910 wrapping com.mysql.cj.jdbc.ConnectionImpl@67328bcb] will not be managed by Spring
==>  Preparing: SELECT COUNT( * ) AS total FROM dec_task WHERE (status = ?)
==> Parameters: COMPLETED(String)
<==    Columns: total
<==        Row: 75
<==      Total: 1
Closing non transactional SqlSession [org.apache.ibatis.session.defaults.DefaultSqlSession@2346bc8c]
Creating a new SqlSession
SqlSession [org.apache.ibatis.session.defaults.DefaultSqlSession@77cb39df] was not registered for synchronization because synchronization is not active
JDBC Connection [HikariProxyConnection@1635731830 wrapping com.mysql.cj.jdbc.ConnectionImpl@67328bcb] will not be managed by Spring
==>  Preparing: SELECT COUNT( * ) AS total FROM dec_task WHERE (status = ?)
==> Parameters: RUNNING(String)
<==    Columns: total
<==        Row: 2
<==      Total: 1
Closing non transactional SqlSession [org.apache.ibatis.session.defaults.DefaultSqlSession@77cb39df]
2026-03-24T19:39:03.794+08:00  INFO 27956 --- [pricing-backend] [nio-8080-exec-9] c.e.pricing.aspect.OperationLogAspect    : Operation Log - Method: DecisionController.getTaskStats, Result: Success
Creating a new SqlSession
SqlSession [org.apache.ibatis.session.defaults.DefaultSqlSession@13eb24e4] was not registered for synchronization because synchronization is not active
JDBC Connection [HikariProxyConnection@947547910 wrapping com.mysql.cj.jdbc.ConnectionImpl@67328bcb] will not be managed by Spring
==>  Preparing: SELECT id,task_id,product_id,suggested_price,profit_change,discount_rate,core_reasons,is_accepted,adopt_status,reject_reason,created_at FROM dec_result WHERE (task_id = ?)
==> Parameters: 1000114(Long)
<==    Columns: id, task_id, product_id, suggested_price, profit_change, discount_rate, core_reasons, is_accepted, adopt_status, reject_reason, created_at
<==        Row: 82, 1000114, 20, 192.93, -2792.23, 0.9000, <<BLOB>>, 0, PENDING, null, 2026-03-24 11:37:55
<==      Total: 1
Closing non transactional SqlSession [org.apache.ibatis.session.defaults.DefaultSqlSession@13eb24e4]
Creating a new SqlSession
SqlSession [org.apache.ibatis.session.defaults.DefaultSqlSession@43bd0291] was not registered for synchronization because synchronization is not active
JDBC Connection [HikariProxyConnection@676612031 wrapping com.mysql.cj.jdbc.ConnectionImpl@67328bcb] will not be managed by Spring
==>  Preparing: SELECT id,title,category,cost_price,market_price,current_price,stock,monthly_sales,click_rate,conversion_rate,source,created_at,updated_at FROM biz_product WHERE id=?
==> Parameters: 20(Long)
<==    Columns: id, title, category, cost_price, market_price, current_price, stock, monthly_sales, click_rate, conversion_rate, source, created_at, updated_at
<==        Row: 20, ЦьНЂНЕдыРЖбРЖњЛњ, Ъ§ТыХфМў, 149.00, 299.00, 214.37, 260, 312, 0.086, 0.041, SEED_REALISTIC, 2026-03-19 10:26:17, 2026-03-19 15:36:18
<==      Total: 1
Closing non transactional SqlSession [org.apache.ibatis.session.defaults.DefaultSqlSession@43bd0291]
2026-03-24T19:39:05.588+08:00  INFO 27956 --- [pricing-backend] [nio-8080-exec-8] c.e.pricing.aspect.OperationLogAspect    : Operation Log - Method: DecisionController.getComparison, Result: Success
Creating a new SqlSession
SqlSession [org.apache.ibatis.session.defaults.DefaultSqlSession@3be5c967] was not registered for synchronization because synchronization is not active
Creating a new SqlSession
SqlSession [org.apache.ibatis.session.defaults.DefaultSqlSession@5563186f] was not registered for synchronization because synchronization is not active
JDBC Connection [HikariProxyConnection@2013890215 wrapping com.mysql.cj.jdbc.ConnectionImpl@67328bcb] will not be managed by Spring
==>  Preparing: SELECT id,task_id,product_id,suggested_price,profit_change,discount_rate,core_reasons,is_accepted,adopt_status,reject_reason,created_at FROM dec_result WHERE (task_id = ?)
==> Parameters: 1000114(Long)
JDBC Connection [HikariProxyConnection@424638926 wrapping com.mysql.cj.jdbc.ConnectionImpl@2f6d2c6c] will not be managed by Spring
==>  Preparing: SELECT id,task_id,role_name,speak_order,thought_content,created_at FROM dec_agent_log WHERE (task_id = ?) ORDER BY speak_order ASC,id ASC
==> Parameters: 1000114(Long)
<==    Columns: id, task_id, product_id, suggested_price, profit_change, discount_rate, core_reasons, is_accepted, adopt_status, reject_reason, created_at
<==        Row: 82, 1000114, 20, 192.93, -2792.23, 0.9000, <<BLOB>>, 0, PENDING, null, 2026-03-24 11:37:55
<==      Total: 1
<==    Columns: id, task_id, role_name, speak_order, thought_content, created_at
Closing non transactional SqlSession [org.apache.ibatis.session.defaults.DefaultSqlSession@3be5c967]
<==        Row: 316, 1000114, Ъ§ОнЗжЮі, 1, <<BLOB>>, 2026-03-24 11:37:48
<==        Row: 317, 1000114, ЪаГЁЧщБЈ, 2, <<BLOB>>, 2026-03-24 11:37:50
<==        Row: 318, 1000114, ЗчЯеПижЦ, 3, <<BLOB>>, 2026-03-24 11:37:52
Creating a new SqlSession
SqlSession [org.apache.ibatis.session.defaults.DefaultSqlSession@211f110f] was not registered for synchronization because synchronization is not active
<==        Row: 319, 1000114, ОіВпО­Рэ, 4, <<BLOB>>, 2026-03-24 11:37:55
<==      Total: 4
Closing non transactional SqlSession [org.apache.ibatis.session.defaults.DefaultSqlSession@5563186f]
JDBC Connection [HikariProxyConnection@1967363328 wrapping com.mysql.cj.jdbc.ConnectionImpl@67328bcb] will not be managed by Spring
==>  Preparing: SELECT id,title,category,cost_price,market_price,current_price,stock,monthly_sales,click_rate,conversion_rate,source,created_at,updated_at FROM biz_product WHERE id IN ( ? )
2026-03-24T19:39:05.895+08:00  INFO 27956 --- [pricing-backend] [nio-8080-exec-1] c.e.pricing.aspect.OperationLogAspect    : Operation Log - Method: DecisionController.getTaskLogs, Result: Success
==> Parameters: 20(Long)
<==    Columns: id, title, category, cost_price, market_price, current_price, stock, monthly_sales, click_rate, conversion_rate, source, created_at, updated_at
<==        Row: 20, ЦьНЂНЕдыРЖбРЖњЛњ, Ъ§ТыХфМў, 149.00, 299.00, 214.37, 260, 312, 0.086, 0.041, SEED_REALISTIC, 2026-03-19 10:26:17, 2026-03-19 15:36:18
<==      Total: 1
Closing non transactional SqlSession [org.apache.ibatis.session.defaults.DefaultSqlSession@211f110f]
2026-03-24T19:39:05.898+08:00  INFO 27956 --- [pricing-backend] [io-8080-exec-10] c.e.pricing.aspect.OperationLogAspect    : Operation Log - Method: DecisionController.getTaskResult, Result: Success
Creating a new SqlSession
SqlSession [org.apache.ibatis.session.defaults.DefaultSqlSession@4690a0a8] was not registered for synchronization because synchronization is not active
JDBC Connection [HikariProxyConnection@1191976753 wrapping com.mysql.cj.jdbc.ConnectionImpl@67328bcb] will not be managed by Spring
==>  Preparing: SELECT COUNT(*) AS total FROM biz_product
==> Parameters: 
<==    Columns: total
<==        Row: 7
<==      Total: 1
==>  Preparing: SELECT id,title,category,cost_price,market_price,current_price,stock,monthly_sales,click_rate,conversion_rate,source,created_at,updated_at FROM biz_product ORDER BY updated_at DESC LIMIT ?
==> Parameters: 20(Long)
<==    Columns: id, title, category, cost_price, market_price, current_price, stock, monthly_sales, click_rate, conversion_rate, source, created_at, updated_at
<==        Row: 20, ЦьНЂНЕдыРЖбРЖњЛњ, Ъ§ТыХфМў, 149.00, 299.00, 214.37, 260, 312, 0.086, 0.041, SEED_REALISTIC, 2026-03-19 10:26:17, 2026-03-19 15:36:18
<==        Row: 21, 316ВЛатИжБЃЮТБ­ 750ml, МвОггУЦЗ, 28.00, 89.00, 59.00, 480, 620, 0.071, 0.055, SEED_REALISTIC, 2026-03-19 10:26:17, 2026-03-19 15:36:18
<==        Row: 22, UPF50+ ЧсСПЗРЩЙвТ, ЛЇЭтЗўЪЮ, 68.00, 169.00, 139.00, 380, 228, 0.093, 0.036, SEED_REALISTIC, 2026-03-19 10:26:17, 2026-03-19 15:36:18
<==        Row: 5, ЦћГЕ, ЭцОп, 30.00, 99.00, 41.35, 1000, 500, 0.055, 0.012, IMPORT, null, 2026-03-18 21:17:44
<==        Row: 6, ЛњЦїШЫ, ЭцОп, 50.00, 100.00, 71.10, 500, 100, 0.11, 0.11, IMPORT, null, 2026-03-18 21:15:18
<==        Row: 4, T ає, ФазА, 30.00, 99.00, 45.00, 1000, 500, 0.055, 0.012, IMPORT, null, 2026-03-17 21:11:59
<==        Row: 7, ЪОР§ЩЬЦЗ - ЯФМО T ає, ФазА, 30.00, 99.00, 59.00, 1000, 500, 0.055, 0.012, IMPORT, null, null
<==      Total: 7
Closing non transactional SqlSession [org.apache.ibatis.session.defaults.DefaultSqlSession@4690a0a8]
2026-03-24T19:40:26.232+08:00  INFO 27956 --- [pricing-backend] [nio-8080-exec-2] c.e.pricing.aspect.OperationLogAspect    : Operation Log - Method: ProductController.getProductList, Result: Success
Creating a new SqlSession
SqlSession [org.apache.ibatis.session.defaults.DefaultSqlSession@7444133a] was not registered for synchronization because synchronization is not active
JDBC Connection [HikariProxyConnection@847401410 wrapping com.mysql.cj.jdbc.ConnectionImpl@67328bcb] will not be managed by Spring
==>  Preparing: SELECT COUNT(*) AS total FROM biz_product
==> Parameters: 
<==    Columns: total
<==        Row: 7
<==      Total: 1
==>  Preparing: SELECT id,title,category,cost_price,market_price,current_price,stock,monthly_sales,click_rate,conversion_rate,source,created_at,updated_at FROM biz_product ORDER BY updated_at DESC LIMIT ?
==> Parameters: 20(Long)
<==    Columns: id, title, category, cost_price, market_price, current_price, stock, monthly_sales, click_rate, conversion_rate, source, created_at, updated_at
<==        Row: 20, ЦьНЂНЕдыРЖбРЖњЛњ, Ъ§ТыХфМў, 149.00, 299.00, 214.37, 260, 312, 0.086, 0.041, SEED_REALISTIC, 2026-03-19 10:26:17, 2026-03-19 15:36:18
<==        Row: 21, 316ВЛатИжБЃЮТБ­ 750ml, МвОггУЦЗ, 28.00, 89.00, 59.00, 480, 620, 0.071, 0.055, SEED_REALISTIC, 2026-03-19 10:26:17, 2026-03-19 15:36:18
<==        Row: 22, UPF50+ ЧсСПЗРЩЙвТ, ЛЇЭтЗўЪЮ, 68.00, 169.00, 139.00, 380, 228, 0.093, 0.036, SEED_REALISTIC, 2026-03-19 10:26:17, 2026-03-19 15:36:18
<==        Row: 5, ЦћГЕ, ЭцОп, 30.00, 99.00, 41.35, 1000, 500, 0.055, 0.012, IMPORT, null, 2026-03-18 21:17:44
<==        Row: 6, ЛњЦїШЫ, ЭцОп, 50.00, 100.00, 71.10, 500, 100, 0.11, 0.11, IMPORT, null, 2026-03-18 21:15:18
<==        Row: 4, T ає, ФазА, 30.00, 99.00, 45.00, 1000, 500, 0.055, 0.012, IMPORT, null, 2026-03-17 21:11:59
<==        Row: 7, ЪОР§ЩЬЦЗ - ЯФМО T ає, ФазА, 30.00, 99.00, 59.00, 1000, 500, 0.055, 0.012, IMPORT, null, null
<==      Total: 7
Closing non transactional SqlSession [org.apache.ibatis.session.defaults.DefaultSqlSession@7444133a]
2026-03-24T19:40:26.688+08:00  INFO 27956 --- [pricing-backend] [nio-8080-exec-4] c.e.pricing.aspect.OperationLogAspect    : Operation Log - Method: ProductController.getProductList, Result: Success
Creating a new SqlSession
SqlSession [org.apache.ibatis.session.defaults.DefaultSqlSession@11781026] was not registered for synchronization because synchronization is not active
JDBC Connection [HikariProxyConnection@1403277522 wrapping com.mysql.cj.jdbc.ConnectionImpl@67328bcb] will not be managed by Spring
==>  Preparing: SELECT id,title,category,cost_price,market_price,current_price,stock,monthly_sales,click_rate,conversion_rate,source,created_at,updated_at FROM biz_product WHERE id IN ( ? )
==> Parameters: 20(Long)
<==    Columns: id, title, category, cost_price, market_price, current_price, stock, monthly_sales, click_rate, conversion_rate, source, created_at, updated_at
<==        Row: 20, ЦьНЂНЕдыРЖбРЖњЛњ, Ъ§ТыХфМў, 149.00, 299.00, 214.37, 260, 312, 0.086, 0.041, SEED_REALISTIC, 2026-03-19 10:26:17, 2026-03-19 15:36:18
<==      Total: 1
Closing non transactional SqlSession [org.apache.ibatis.session.defaults.DefaultSqlSession@11781026]
Creating a new SqlSession
SqlSession [org.apache.ibatis.session.defaults.DefaultSqlSession@75848216] was not registered for synchronization because synchronization is not active
JDBC Connection [HikariProxyConnection@606885280 wrapping com.mysql.cj.jdbc.ConnectionImpl@67328bcb] will not be managed by Spring
==>  Preparing: INSERT INTO dec_task ( task_no, strategy_type, constraints, product_names, status, created_at, updated_at ) VALUES ( ?, ?, ?, ?, ?, ?, ? )
==> Parameters: ea451c91-f36d-4b86-80d6-f9ce991e9c7e(String), CLEARANCE(String), (String), ЦьНЂНЕдыРЖбРЖњЛњ(String), RUNNING(String), 2026-03-24T19:40:28.891000700(LocalDateTime), 2026-03-24T19:40:28.891000700(LocalDateTime)
<==    Updates: 1
Closing non transactional SqlSession [org.apache.ibatis.session.defaults.DefaultSqlSession@75848216]
2026-03-24T19:40:28.915+08:00  INFO 27956 --- [pricing-backend] [nio-8080-exec-3] c.e.pricing.aspect.OperationLogAspect    : Operation Log - Method: DecisionController.startDecisionTask, Result: Success
Creating a new SqlSession
SqlSession [org.apache.ibatis.session.defaults.DefaultSqlSession@3f8e4a5d] was not registered for synchronization because synchronization is not active
JDBC Connection [HikariProxyConnection@1034177085 wrapping com.mysql.cj.jdbc.ConnectionImpl@67328bcb] will not be managed by Spring
==>  Preparing: SELECT id,task_id,role_name,speak_order,thought_content,created_at FROM dec_agent_log WHERE (task_id = ?) ORDER BY speak_order ASC,id ASC
==> Parameters: 1000115(Long)
<==      Total: 0
Closing non transactional SqlSession [org.apache.ibatis.session.defaults.DefaultSqlSession@3f8e4a5d]
2026-03-24T19:40:29.152+08:00  INFO 27956 --- [pricing-backend] [nio-8080-exec-5] c.e.pricing.aspect.OperationLogAspect    : Operation Log - Method: DecisionController.getTaskLogs, Result: Success
Creating a new SqlSession
SqlSession [org.apache.ibatis.session.defaults.DefaultSqlSession@5fdc9bb0] was not registered for synchronization because synchronization is not active
JDBC Connection [HikariProxyConnection@1440233252 wrapping com.mysql.cj.jdbc.ConnectionImpl@67328bcb] will not be managed by Spring
==>  Preparing: SELECT id,task_id,role_name,speak_order,thought_content,created_at FROM dec_agent_log WHERE (task_id = ?) ORDER BY speak_order ASC,id ASC
==> Parameters: 1000115(Long)
<==      Total: 0
Closing non transactional SqlSession [org.apache.ibatis.session.defaults.DefaultSqlSession@5fdc9bb0]
2026-03-24T19:40:29.731+08:00  INFO 27956 --- [pricing-backend] [nio-8080-exec-7] c.e.pricing.aspect.OperationLogAspect    : Operation Log - Method: DecisionController.getTaskLogs, Result: Success
Creating a new SqlSession
SqlSession [org.apache.ibatis.session.defaults.DefaultSqlSession@2dac7f1f] was not registered for synchronization because synchronization is not active
JDBC Connection [HikariProxyConnection@255638641 wrapping com.mysql.cj.jdbc.ConnectionImpl@67328bcb] will not be managed by Spring
==>  Preparing: SELECT id,task_id,role_name,speak_order,thought_content,created_at FROM dec_agent_log WHERE (task_id = ?) ORDER BY speak_order ASC,id ASC
==> Parameters: 1000115(Long)
<==      Total: 0
Closing non transactional SqlSession [org.apache.ibatis.session.defaults.DefaultSqlSession@2dac7f1f]
2026-03-24T19:40:30.845+08:00  INFO 27956 --- [pricing-backend] [nio-8080-exec-6] c.e.pricing.aspect.OperationLogAspect    : Operation Log - Method: DecisionController.getTaskLogs, Result: Success
Creating a new SqlSession
SqlSession [org.apache.ibatis.session.defaults.DefaultSqlSession@435bf39f] was not registered for synchronization because synchronization is not active
JDBC Connection [HikariProxyConnection@1836072938 wrapping com.mysql.cj.jdbc.ConnectionImpl@67328bcb] will not be managed by Spring
==>  Preparing: SELECT id,task_id,role_name,speak_order,thought_content,created_at FROM dec_agent_log WHERE (task_id = ?) ORDER BY speak_order ASC,id ASC
==> Parameters: 1000115(Long)
<==    Columns: id, task_id, role_name, speak_order, thought_content, created_at
<==        Row: 320, 1000115, Ъ§ОнЗжЮі, 1, <<BLOB>>, 2026-03-24 11:40:31
<==      Total: 1
Closing non transactional SqlSession [org.apache.ibatis.session.defaults.DefaultSqlSession@435bf39f]
2026-03-24T19:40:31.331+08:00  INFO 27956 --- [pricing-backend] [nio-8080-exec-9] c.e.pricing.aspect.OperationLogAspect    : Operation Log - Method: DecisionController.getTaskLogs, Result: Success
Creating a new SqlSession
SqlSession [org.apache.ibatis.session.defaults.DefaultSqlSession@5d6e8ef1] was not registered for synchronization because synchronization is not active
JDBC Connection [HikariProxyConnection@127970056 wrapping com.mysql.cj.jdbc.ConnectionImpl@67328bcb] will not be managed by Spring
==>  Preparing: SELECT id,task_id,role_name,speak_order,thought_content,created_at FROM dec_agent_log WHERE (task_id = ?) ORDER BY speak_order ASC,id ASC
==> Parameters: 1000115(Long)
<==    Columns: id, task_id, role_name, speak_order, thought_content, created_at
<==        Row: 320, 1000115, Ъ§ОнЗжЮі, 1, <<BLOB>>, 2026-03-24 11:40:31
<==      Total: 1
Closing non transactional SqlSession [org.apache.ibatis.session.defaults.DefaultSqlSession@5d6e8ef1]
2026-03-24T19:40:32.441+08:00  INFO 27956 --- [pricing-backend] [nio-8080-exec-8] c.e.pricing.aspect.OperationLogAspect    : Operation Log - Method: DecisionController.getTaskLogs, Result: Success
Creating a new SqlSession
SqlSession [org.apache.ibatis.session.defaults.DefaultSqlSession@4f8e0da0] was not registered for synchronization because synchronization is not active
JDBC Connection [HikariProxyConnection@770542742 wrapping com.mysql.cj.jdbc.ConnectionImpl@2f6d2c6c] will not be managed by Spring
==>  Preparing: SELECT id,task_id,role_name,speak_order,thought_content,created_at FROM dec_agent_log WHERE (task_id = ?) ORDER BY speak_order ASC,id ASC
==> Parameters: 1000115(Long)
<==    Columns: id, task_id, role_name, speak_order, thought_content, created_at
<==        Row: 320, 1000115, Ъ§ОнЗжЮі, 1, <<BLOB>>, 2026-03-24 11:40:31
<==      Total: 1
Closing non transactional SqlSession [org.apache.ibatis.session.defaults.DefaultSqlSession@4f8e0da0]
2026-03-24T19:40:32.931+08:00  INFO 27956 --- [pricing-backend] [nio-8080-exec-1] c.e.pricing.aspect.OperationLogAspect    : Operation Log - Method: DecisionController.getTaskLogs, Result: Success
Creating a new SqlSession
SqlSession [org.apache.ibatis.session.defaults.DefaultSqlSession@3acb1d8f] was not registered for synchronization because synchronization is not active
JDBC Connection [HikariProxyConnection@1979911930 wrapping com.mysql.cj.jdbc.ConnectionImpl@67328bcb] will not be managed by Spring
==>  Preparing: SELECT id,task_id,role_name,speak_order,thought_content,created_at FROM dec_agent_log WHERE (task_id = ?) ORDER BY speak_order ASC,id ASC
==> Parameters: 1000115(Long)
<==    Columns: id, task_id, role_name, speak_order, thought_content, created_at
<==        Row: 320, 1000115, Ъ§ОнЗжЮі, 1, <<BLOB>>, 2026-03-24 11:40:31
<==        Row: 321, 1000115, ЪаГЁЧщБЈ, 2, <<BLOB>>, 2026-03-24 11:40:33
<==      Total: 2
Closing non transactional SqlSession [org.apache.ibatis.session.defaults.DefaultSqlSession@3acb1d8f]
2026-03-24T19:40:34.033+08:00  INFO 27956 --- [pricing-backend] [io-8080-exec-10] c.e.pricing.aspect.OperationLogAspect    : Operation Log - Method: DecisionController.getTaskLogs, Result: Success
Creating a new SqlSession
SqlSession [org.apache.ibatis.session.defaults.DefaultSqlSession@5d493362] was not registered for synchronization because synchronization is not active
JDBC Connection [HikariProxyConnection@2056997485 wrapping com.mysql.cj.jdbc.ConnectionImpl@67328bcb] will not be managed by Spring
==>  Preparing: SELECT id,task_id,role_name,speak_order,thought_content,created_at FROM dec_agent_log WHERE (task_id = ?) ORDER BY speak_order ASC,id ASC
==> Parameters: 1000115(Long)
<==    Columns: id, task_id, role_name, speak_order, thought_content, created_at
<==        Row: 320, 1000115, Ъ§ОнЗжЮі, 1, <<BLOB>>, 2026-03-24 11:40:31
<==        Row: 321, 1000115, ЪаГЁЧщБЈ, 2, <<BLOB>>, 2026-03-24 11:40:33
<==      Total: 2
Closing non transactional SqlSession [org.apache.ibatis.session.defaults.DefaultSqlSession@5d493362]
2026-03-24T19:40:34.533+08:00  INFO 27956 --- [pricing-backend] [nio-8080-exec-2] c.e.pricing.aspect.OperationLogAspect    : Operation Log - Method: DecisionController.getTaskLogs, Result: Success
Creating a new SqlSession
SqlSession [org.apache.ibatis.session.defaults.DefaultSqlSession@5d648e10] was not registered for synchronization because synchronization is not active
JDBC Connection [HikariProxyConnection@2101925951 wrapping com.mysql.cj.jdbc.ConnectionImpl@67328bcb] will not be managed by Spring
==>  Preparing: SELECT id,task_id,role_name,speak_order,thought_content,created_at FROM dec_agent_log WHERE (task_id = ?) ORDER BY speak_order ASC,id ASC
==> Parameters: 1000115(Long)
<==    Columns: id, task_id, role_name, speak_order, thought_content, created_at
<==        Row: 320, 1000115, Ъ§ОнЗжЮі, 1, <<BLOB>>, 2026-03-24 11:40:31
<==        Row: 321, 1000115, ЪаГЁЧщБЈ, 2, <<BLOB>>, 2026-03-24 11:40:33
<==        Row: 322, 1000115, ЗчЯеПижЦ, 3, <<BLOB>>, 2026-03-24 11:40:35
<==      Total: 3
Closing non transactional SqlSession [org.apache.ibatis.session.defaults.DefaultSqlSession@5d648e10]
2026-03-24T19:40:35.626+08:00  INFO 27956 --- [pricing-backend] [nio-8080-exec-4] c.e.pricing.aspect.OperationLogAspect    : Operation Log - Method: DecisionController.getTaskLogs, Result: Success
Creating a new SqlSession
SqlSession [org.apache.ibatis.session.defaults.DefaultSqlSession@650126d9] was not registered for synchronization because synchronization is not active
JDBC Connection [HikariProxyConnection@600239756 wrapping com.mysql.cj.jdbc.ConnectionImpl@67328bcb] will not be managed by Spring
==>  Preparing: SELECT id,task_id,role_name,speak_order,thought_content,created_at FROM dec_agent_log WHERE (task_id = ?) ORDER BY speak_order ASC,id ASC
==> Parameters: 1000115(Long)
<==    Columns: id, task_id, role_name, speak_order, thought_content, created_at
<==        Row: 320, 1000115, Ъ§ОнЗжЮі, 1, <<BLOB>>, 2026-03-24 11:40:31
<==        Row: 321, 1000115, ЪаГЁЧщБЈ, 2, <<BLOB>>, 2026-03-24 11:40:33
<==        Row: 322, 1000115, ЗчЯеПижЦ, 3, <<BLOB>>, 2026-03-24 11:40:35
<==      Total: 3
Closing non transactional SqlSession [org.apache.ibatis.session.defaults.DefaultSqlSession@650126d9]
2026-03-24T19:40:36.132+08:00  INFO 27956 --- [pricing-backend] [nio-8080-exec-3] c.e.pricing.aspect.OperationLogAspect    : Operation Log - Method: DecisionController.getTaskLogs, Result: Success
Creating a new SqlSession
SqlSession [org.apache.ibatis.session.defaults.DefaultSqlSession@5260b5da] was not registered for synchronization because synchronization is not active
JDBC Connection [HikariProxyConnection@527548777 wrapping com.mysql.cj.jdbc.ConnectionImpl@67328bcb] will not be managed by Spring
==>  Preparing: SELECT id,task_id,role_name,speak_order,thought_content,created_at FROM dec_agent_log WHERE (task_id = ?) ORDER BY speak_order ASC,id ASC
==> Parameters: 1000115(Long)
<==    Columns: id, task_id, role_name, speak_order, thought_content, created_at
<==        Row: 320, 1000115, Ъ§ОнЗжЮі, 1, <<BLOB>>, 2026-03-24 11:40:31
<==        Row: 321, 1000115, ЪаГЁЧщБЈ, 2, <<BLOB>>, 2026-03-24 11:40:33
<==        Row: 322, 1000115, ЗчЯеПижЦ, 3, <<BLOB>>, 2026-03-24 11:40:35
<==      Total: 3
Closing non transactional SqlSession [org.apache.ibatis.session.defaults.DefaultSqlSession@5260b5da]
2026-03-24T19:40:37.243+08:00  INFO 27956 --- [pricing-backend] [nio-8080-exec-5] c.e.pricing.aspect.OperationLogAspect    : Operation Log - Method: DecisionController.getTaskLogs, Result: Success
Creating a new SqlSession
SqlSession [org.apache.ibatis.session.defaults.DefaultSqlSession@59acbae3] was not registered for synchronization because synchronization is not active
JDBC Connection [HikariProxyConnection@1645656957 wrapping com.mysql.cj.jdbc.ConnectionImpl@67328bcb] will not be managed by Spring
==>  Preparing: SELECT id,task_id,role_name,speak_order,thought_content,created_at FROM dec_agent_log WHERE (task_id = ?) ORDER BY speak_order ASC,id ASC
==> Parameters: 1000115(Long)
<==    Columns: id, task_id, role_name, speak_order, thought_content, created_at
<==        Row: 320, 1000115, Ъ§ОнЗжЮі, 1, <<BLOB>>, 2026-03-24 11:40:31
<==        Row: 321, 1000115, ЪаГЁЧщБЈ, 2, <<BLOB>>, 2026-03-24 11:40:33
<==        Row: 322, 1000115, ЗчЯеПижЦ, 3, <<BLOB>>, 2026-03-24 11:40:35
<==        Row: 323, 1000115, ОіВпО­Рэ, 4, <<BLOB>>, 2026-03-24 11:40:37
<==      Total: 4
Closing non transactional SqlSession [org.apache.ibatis.session.defaults.DefaultSqlSession@59acbae3]
2026-03-24T19:40:37.503+08:00  INFO 27956 --- [pricing-backend] [nio-8080-exec-7] c.e.pricing.aspect.OperationLogAspect    : Operation Log - Method: DecisionController.getTaskLogs, Result: Success
Creating a new SqlSession
SqlSession [org.apache.ibatis.session.defaults.DefaultSqlSession@4b4a0284] was not registered for synchronization because synchronization is not active
JDBC Connection [HikariProxyConnection@89184373 wrapping com.mysql.cj.jdbc.ConnectionImpl@67328bcb] will not be managed by Spring
==>  Preparing: SELECT id,task_id,role_name,speak_order,thought_content,created_at FROM dec_agent_log WHERE (task_id = ?) ORDER BY speak_order ASC,id ASC
==> Parameters: 1000115(Long)
<==    Columns: id, task_id, role_name, speak_order, thought_content, created_at
<==        Row: 320, 1000115, Ъ§ОнЗжЮі, 1, <<BLOB>>, 2026-03-24 11:40:31
<==        Row: 321, 1000115, ЪаГЁЧщБЈ, 2, <<BLOB>>, 2026-03-24 11:40:33
<==        Row: 322, 1000115, ЗчЯеПижЦ, 3, <<BLOB>>, 2026-03-24 11:40:35
<==        Row: 323, 1000115, ОіВпО­Рэ, 4, <<BLOB>>, 2026-03-24 11:40:37
<==      Total: 4
Closing non transactional SqlSession [org.apache.ibatis.session.defaults.DefaultSqlSession@4b4a0284]
2026-03-24T19:40:37.674+08:00  INFO 27956 --- [pricing-backend] [nio-8080-exec-6] c.e.pricing.aspect.OperationLogAspect    : Operation Log - Method: DecisionController.getTaskLogs, Result: Success
Creating a new SqlSession
SqlSession [org.apache.ibatis.session.defaults.DefaultSqlSession@7624ab4] was not registered for synchronization because synchronization is not active
JDBC Connection [HikariProxyConnection@456758988 wrapping com.mysql.cj.jdbc.ConnectionImpl@67328bcb] will not be managed by Spring
==>  Preparing: SELECT id,task_id,role_name,speak_order,thought_content,created_at FROM dec_agent_log WHERE (task_id = ?) ORDER BY speak_order ASC,id ASC
==> Parameters: 1000115(Long)
<==    Columns: id, task_id, role_name, speak_order, thought_content, created_at
<==        Row: 320, 1000115, Ъ§ОнЗжЮі, 1, <<BLOB>>, 2026-03-24 11:40:31
<==        Row: 321, 1000115, ЪаГЁЧщБЈ, 2, <<BLOB>>, 2026-03-24 11:40:33
<==        Row: 322, 1000115, ЗчЯеПижЦ, 3, <<BLOB>>, 2026-03-24 11:40:35
<==        Row: 323, 1000115, ОіВпО­Рэ, 4, <<BLOB>>, 2026-03-24 11:40:37
<==      Total: 4
Closing non transactional SqlSession [org.apache.ibatis.session.defaults.DefaultSqlSession@7624ab4]
2026-03-24T19:46:08.358+08:00  INFO 27956 --- [pricing-backend] [nio-8080-exec-9] c.e.pricing.aspect.OperationLogAspect    : Operation Log - Method: DecisionController.getTaskLogs, Result: Success
2026-03-24T19:46:13.475+08:00  INFO 27956 --- [pricing-backend] [ionShutdownHook] com.zaxxer.hikari.HikariDataSource       : HikariPool-1 - Shutdown initiated...
2026-03-24T19:46:13.482+08:00  INFO 27956 --- [pricing-backend] [ionShutdownHook] com.zaxxer.hikari.HikariDataSource       : HikariPool-1 - Shutdown completed.
[INFO] ------------------------------------------------------------------------
[INFO] BUILD SUCCESS
[INFO] ------------------------------------------------------------------------
[INFO] Total time:  09:24 min
[INFO] Finished at: 2026-03-24T19:46:13+08:00
[INFO] ------------------------------------------------------------------------
жежЙХњДІРэВйзїТ№(Y/N)? 
